{"/Users/kratos/Projects/OPENSOURCE/CountriesNow/app.js":{"path":"/Users/kratos/Projects/OPENSOURCE/CountriesNow/app.js","statementMap":{"0":{"start":{"line":4,"column":0},"end":{"line":4,"column":27}},"1":{"start":{"line":6,"column":16},"end":{"line":6,"column":34}},"2":{"start":{"line":7,"column":13},"end":{"line":7,"column":28}},"3":{"start":{"line":8,"column":21},"end":{"line":8,"column":45}},"4":{"start":{"line":9,"column":19},"end":{"line":9,"column":41}},"5":{"start":{"line":10,"column":15},"end":{"line":10,"column":32}},"6":{"start":{"line":11,"column":18},"end":{"line":11,"column":47}},"7":{"start":{"line":12,"column":19},"end":{"line":12,"column":43}},"8":{"start":{"line":14,"column":20},"end":{"line":14,"column":45}},"9":{"start":{"line":15,"column":22},"end":{"line":15,"column":51}},"10":{"start":{"line":17,"column":12},"end":{"line":17,"column":21}},"11":{"start":{"line":19,"column":29},"end":{"line":19,"column":70}},"12":{"start":{"line":21,"column":0},"end":{"line":21,"column":81}},"13":{"start":{"line":24,"column":0},"end":{"line":24,"column":48}},"14":{"start":{"line":25,"column":0},"end":{"line":25,"column":30}},"15":{"start":{"line":27,"column":0},"end":{"line":27,"column":23}},"16":{"start":{"line":28,"column":0},"end":{"line":28,"column":24}},"17":{"start":{"line":29,"column":0},"end":{"line":29,"column":49}},"18":{"start":{"line":30,"column":0},"end":{"line":30,"column":24}},"19":{"start":{"line":31,"column":0},"end":{"line":31,"column":56}},"20":{"start":{"line":33,"column":0},"end":{"line":33,"column":44}},"21":{"start":{"line":34,"column":0},"end":{"line":39,"column":2}},"22":{"start":{"line":45,"column":0},"end":{"line":55,"column":3}},"23":{"start":{"line":46,"column":2},"end":{"line":46,"column":64}},"24":{"start":{"line":47,"column":2},"end":{"line":47,"column":65}},"25":{"start":{"line":48,"column":2},"end":{"line":52,"column":3}},"26":{"start":{"line":50,"column":4},"end":{"line":50,"column":67}},"27":{"start":{"line":51,"column":4},"end":{"line":51,"column":36}},"28":{"start":{"line":53,"column":2},"end":{"line":53,"column":9}},"29":{"start":{"line":54,"column":2},"end":{"line":54,"column":14}},"30":{"start":{"line":58,"column":0},"end":{"line":67,"column":3}},"31":{"start":{"line":60,"column":2},"end":{"line":60,"column":35}},"32":{"start":{"line":61,"column":2},"end":{"line":61,"column":69}},"33":{"start":{"line":64,"column":2},"end":{"line":64,"column":32}},"34":{"start":{"line":65,"column":2},"end":{"line":65,"column":22}},"35":{"start":{"line":66,"column":2},"end":{"line":66,"column":9}},"36":{"start":{"line":69,"column":0},"end":{"line":69,"column":26}},"37":{"start":{"line":70,"column":0},"end":{"line":70,"column":46}},"38":{"start":{"line":73,"column":0},"end":{"line":76,"column":4}},"39":{"start":{"line":73,"column":22},"end":{"line":76,"column":2}},"40":{"start":{"line":80,"column":20},"end":{"line":80,"column":34}},"41":{"start":{"line":82,"column":0},"end":{"line":84,"column":30}},"42":{"start":{"line":86,"column":0},"end":{"line":89,"column":3}},"43":{"start":{"line":88,"column":2},"end":{"line":88,"column":43}},"44":{"start":{"line":91,"column":0},"end":{"line":91,"column":21}}},"fnMap":{"0":{"name":"(anonymous_0)","decl":{"start":{"line":45,"column":8},"end":{"line":45,"column":9}},"loc":{"start":{"line":45,"column":28},"end":{"line":55,"column":1}},"line":45},"1":{"name":"(anonymous_1)","decl":{"start":{"line":58,"column":8},"end":{"line":58,"column":9}},"loc":{"start":{"line":58,"column":33},"end":{"line":67,"column":1}},"line":58},"2":{"name":"(anonymous_2)","decl":{"start":{"line":73,"column":8},"end":{"line":73,"column":9}},"loc":{"start":{"line":73,"column":22},"end":{"line":76,"column":2}},"line":73},"3":{"name":"(anonymous_3)","decl":{"start":{"line":86,"column":17},"end":{"line":86,"column":18}},"loc":{"start":{"line":86,"column":23},"end":{"line":89,"column":1}},"line":86}},"branchMap":{"0":{"loc":{"start":{"line":48,"column":2},"end":{"line":52,"column":3}},"type":"if","locations":[{"start":{"line":48,"column":2},"end":{"line":52,"column":3}},{"start":{"line":48,"column":2},"end":{"line":52,"column":3}}],"line":48},"1":{"loc":{"start":{"line":61,"column":21},"end":{"line":61,"column":68}},"type":"cond-expr","locations":[{"start":{"line":61,"column":60},"end":{"line":61,"column":63}},{"start":{"line":61,"column":66},"end":{"line":61,"column":68}}],"line":61},"2":{"loc":{"start":{"line":64,"column":13},"end":{"line":64,"column":30}},"type":"binary-expr","locations":[{"start":{"line":64,"column":13},"end":{"line":64,"column":23}},{"start":{"line":64,"column":27},"end":{"line":64,"column":30}}],"line":64},"3":{"loc":{"start":{"line":82,"column":0},"end":{"line":84,"column":29}},"type":"cond-expr","locations":[{"start":{"line":82,"column":32},"end":{"line":82,"column":63}},{"start":{"line":83,"column":4},"end":{"line":84,"column":29}}],"line":82},"4":{"loc":{"start":{"line":82,"column":39},"end":{"line":82,"column":63}},"type":"binary-expr","locations":[{"start":{"line":82,"column":39},"end":{"line":82,"column":43}},{"start":{"line":82,"column":47},"end":{"line":82,"column":63}}],"line":82},"5":{"loc":{"start":{"line":83,"column":4},"end":{"line":84,"column":29}},"type":"cond-expr","locations":[{"start":{"line":83,"column":29},"end":{"line":83,"column":57}},{"start":{"line":84,"column":6},"end":{"line":84,"column":29}}],"line":83}},"s":{"0":1,"1":1,"2":1,"3":1,"4":1,"5":1,"6":1,"7":1,"8":1,"9":1,"10":1,"11":1,"12":1,"13":1,"14":1,"15":1,"16":1,"17":1,"18":1,"19":1,"20":1,"21":1,"22":1,"23":49,"24":49,"25":49,"26":0,"27":0,"28":49,"29":49,"30":1,"31":0,"32":0,"33":0,"34":0,"35":0,"36":1,"37":1,"38":1,"39":0,"40":1,"41":1,"42":1,"43":1,"44":1},"f":{"0":49,"1":0,"2":0,"3":1},"b":{"0":[0,49],"1":[0,0],"2":[0,0],"3":[0,1],"4":[0,0],"5":[1,0]},"_coverageSchema":"1a1c01bbd47fc00a2c39e90264f33305004495a9","hash":"b4b51ad6e1b5b2b0c025f28c51638fd5f4210af0","contentHash":"dcb66aed8f458e6f3402d442bfbbbab0687c317a4029f65095c1db3b579b533e"},"/Users/kratos/Projects/OPENSOURCE/CountriesNow/config/cors.js":{"path":"/Users/kratos/Projects/OPENSOURCE/CountriesNow/config/cors.js","statementMap":{"0":{"start":{"line":5,"column":0},"end":{"line":29,"column":2}}},"fnMap":{},"branchMap":{},"s":{"0":1},"f":{},"b":{},"_coverageSchema":"1a1c01bbd47fc00a2c39e90264f33305004495a9","hash":"aee2968edeed02d6853488fae444913cd13a90bc","contentHash":"a91ab0f4d9a65c1d58aacb1b1ebe2bb52424019e3b77e5599603a62f4a909429"},"/Users/kratos/Projects/OPENSOURCE/CountriesNow/routes/index.js":{"path":"/Users/kratos/Projects/OPENSOURCE/CountriesNow/routes/index.js","statementMap":{"0":{"start":{"line":1,"column":16},"end":{"line":1,"column":34}},"1":{"start":{"line":3,"column":15},"end":{"line":3,"column":31}},"2":{"start":{"line":6,"column":0},"end":{"line":8,"column":3}},"3":{"start":{"line":7,"column":2},"end":{"line":7,"column":49}},"4":{"start":{"line":10,"column":0},"end":{"line":10,"column":24}}},"fnMap":{"0":{"name":"(anonymous_0)","decl":{"start":{"line":6,"column":16},"end":{"line":6,"column":17}},"loc":{"start":{"line":6,"column":30},"end":{"line":8,"column":1}},"line":6}},"branchMap":{},"s":{"0":1,"1":1,"2":1,"3":0,"4":1},"f":{"0":0},"b":{},"_coverageSchema":"1a1c01bbd47fc00a2c39e90264f33305004495a9","hash":"438b67eb28f795f9d6c4b479801d8863608e1134","contentHash":"046bca389f6b10b2f40828f981f9751bcffa738510dfef321aeb35f4c66c938f"},"/Users/kratos/Projects/OPENSOURCE/CountriesNow/routes/countries.js":{"path":"/Users/kratos/Projects/OPENSOURCE/CountriesNow/routes/countries.js","statementMap":{"0":{"start":{"line":1,"column":16},"end":{"line":1,"column":34}},"1":{"start":{"line":3,"column":15},"end":{"line":3,"column":31}},"2":{"start":{"line":4,"column":26},"end":{"line":4,"column":69}},"3":{"start":{"line":6,"column":0},"end":{"line":6,"column":57}},"4":{"start":{"line":7,"column":0},"end":{"line":7,"column":61}},"5":{"start":{"line":8,"column":0},"end":{"line":8,"column":61}},"6":{"start":{"line":9,"column":0},"end":{"line":9,"column":69}},"7":{"start":{"line":10,"column":0},"end":{"line":10,"column":57}},"8":{"start":{"line":11,"column":0},"end":{"line":11,"column":62}},"9":{"start":{"line":12,"column":0},"end":{"line":12,"column":67}},"10":{"start":{"line":13,"column":0},"end":{"line":13,"column":72}},"11":{"start":{"line":14,"column":0},"end":{"line":14,"column":56}},"12":{"start":{"line":15,"column":0},"end":{"line":15,"column":62}},"13":{"start":{"line":16,"column":0},"end":{"line":16,"column":61}},"14":{"start":{"line":17,"column":0},"end":{"line":17,"column":69}},"15":{"start":{"line":18,"column":0},"end":{"line":18,"column":67}},"16":{"start":{"line":19,"column":0},"end":{"line":19,"column":71}},"17":{"start":{"line":20,"column":0},"end":{"line":20,"column":70}},"18":{"start":{"line":22,"column":0},"end":{"line":22,"column":65}},"19":{"start":{"line":23,"column":0},"end":{"line":23,"column":63}},"20":{"start":{"line":24,"column":0},"end":{"line":24,"column":68}},"21":{"start":{"line":26,"column":0},"end":{"line":26,"column":59}},"22":{"start":{"line":27,"column":0},"end":{"line":27,"column":69}},"23":{"start":{"line":28,"column":0},"end":{"line":28,"column":77}},"24":{"start":{"line":29,"column":0},"end":{"line":29,"column":72}},"25":{"start":{"line":30,"column":0},"end":{"line":30,"column":73}},"26":{"start":{"line":31,"column":0},"end":{"line":31,"column":83}},"27":{"start":{"line":32,"column":0},"end":{"line":32,"column":59}},"28":{"start":{"line":33,"column":0},"end":{"line":33,"column":65}},"29":{"start":{"line":34,"column":0},"end":{"line":34,"column":63}},"30":{"start":{"line":36,"column":0},"end":{"line":36,"column":57}},"31":{"start":{"line":38,"column":0},"end":{"line":38,"column":24}}},"fnMap":{},"branchMap":{},"s":{"0":1,"1":1,"2":1,"3":1,"4":1,"5":1,"6":1,"7":1,"8":1,"9":1,"10":1,"11":1,"12":1,"13":1,"14":1,"15":1,"16":1,"17":1,"18":1,"19":1,"20":1,"21":1,"22":1,"23":1,"24":1,"25":1,"26":1,"27":1,"28":1,"29":1,"30":1,"31":1},"f":{},"b":{},"_coverageSchema":"1a1c01bbd47fc00a2c39e90264f33305004495a9","hash":"62d1c9c8d60d7b8001b620b5fa8e5f7c7bd4f53b","contentHash":"0b3b7a6fd839ac64e54b64d0121a932ffde0f93438a3ccb8340bf7a5053b6e47"},"/Users/kratos/Projects/OPENSOURCE/CountriesNow/controllers/countryController.js":{"path":"/Users/kratos/Projects/OPENSOURCE/CountriesNow/controllers/countryController.js","statementMap":{"0":{"start":{"line":2,"column":27},"end":{"line":2,"column":65}},"1":{"start":{"line":3,"column":29},"end":{"line":3,"column":69}},"2":{"start":{"line":4,"column":25},"end":{"line":4,"column":61}},"3":{"start":{"line":5,"column":26},"end":{"line":5,"column":63}},"4":{"start":{"line":6,"column":27},"end":{"line":6,"column":64}},"5":{"start":{"line":7,"column":27},"end":{"line":7,"column":65}},"6":{"start":{"line":8,"column":15},"end":{"line":8,"column":43}},"7":{"start":{"line":9,"column":16},"end":{"line":9,"column":45}},"8":{"start":{"line":10,"column":56},"end":{"line":10,"column":76}},"9":{"start":{"line":11,"column":36},"end":{"line":11,"column":55}},"10":{"start":{"line":14,"column":4},"end":{"line":14,"column":31}},"11":{"start":{"line":16,"column":26},"end":{"line":16,"column":50}},"12":{"start":{"line":17,"column":25},"end":{"line":17,"column":46}},"13":{"start":{"line":18,"column":18},"end":{"line":18,"column":102}},"14":{"start":{"line":18,"column":48},"end":{"line":18,"column":100}},"15":{"start":{"line":20,"column":24},"end":{"line":28,"column":2}},"16":{"start":{"line":21,"column":15},"end":{"line":21,"column":78}},"17":{"start":{"line":22,"column":18},"end":{"line":26,"column":3}},"18":{"start":{"line":27,"column":2},"end":{"line":27,"column":17}},"19":{"start":{"line":29,"column":31},"end":{"line":29,"column":104}},"20":{"start":{"line":29,"column":64},"end":{"line":29,"column":102}},"21":{"start":{"line":30,"column":36},"end":{"line":30,"column":174}},"22":{"start":{"line":30,"column":67},"end":{"line":30,"column":172}},"23":{"start":{"line":30,"column":126},"end":{"line":30,"column":168}},"24":{"start":{"line":31,"column":36},"end":{"line":31,"column":103}},"25":{"start":{"line":31,"column":67},"end":{"line":31,"column":101}},"26":{"start":{"line":39,"column":4},"end":{"line":39,"column":86}},"27":{"start":{"line":48,"column":24},"end":{"line":48,"column":32}},"28":{"start":{"line":49,"column":4},"end":{"line":51,"column":5}},"29":{"start":{"line":50,"column":6},"end":{"line":50,"column":64}},"30":{"start":{"line":52,"column":17},"end":{"line":52,"column":98}},"31":{"start":{"line":52,"column":48},"end":{"line":52,"column":97}},"32":{"start":{"line":54,"column":4},"end":{"line":56,"column":5}},"33":{"start":{"line":55,"column":6},"end":{"line":55,"column":58}},"34":{"start":{"line":57,"column":4},"end":{"line":57,"column":79}},"35":{"start":{"line":66,"column":17},"end":{"line":66,"column":103}},"36":{"start":{"line":66,"column":47},"end":{"line":66,"column":101}},"37":{"start":{"line":67,"column":4},"end":{"line":67,"column":71}},"38":{"start":{"line":80,"column":22},"end":{"line":80,"column":30}},"39":{"start":{"line":81,"column":4},"end":{"line":83,"column":5}},"40":{"start":{"line":82,"column":6},"end":{"line":82,"column":64}},"41":{"start":{"line":85,"column":4},"end":{"line":85,"column":43}},"42":{"start":{"line":86,"column":27},"end":{"line":86,"column":113}},"43":{"start":{"line":86,"column":57},"end":{"line":86,"column":111}},"44":{"start":{"line":87,"column":17},"end":{"line":87,"column":84}},"45":{"start":{"line":87,"column":44},"end":{"line":87,"column":83}},"46":{"start":{"line":89,"column":4},"end":{"line":91,"column":5}},"47":{"start":{"line":90,"column":6},"end":{"line":90,"column":74}},"48":{"start":{"line":92,"column":4},"end":{"line":92,"column":56}},"49":{"start":{"line":101,"column":4},"end":{"line":101,"column":80}},"50":{"start":{"line":110,"column":24},"end":{"line":110,"column":32}},"51":{"start":{"line":111,"column":4},"end":{"line":113,"column":5}},"52":{"start":{"line":112,"column":6},"end":{"line":112,"column":64}},"53":{"start":{"line":114,"column":17},"end":{"line":114,"column":86}},"54":{"start":{"line":114,"column":39},"end":{"line":114,"column":85}},"55":{"start":{"line":115,"column":4},"end":{"line":117,"column":5}},"56":{"start":{"line":116,"column":6},"end":{"line":116,"column":58}},"57":{"start":{"line":118,"column":4},"end":{"line":118,"column":68}},"58":{"start":{"line":127,"column":31},"end":{"line":127,"column":39}},"59":{"start":{"line":128,"column":4},"end":{"line":130,"column":5}},"60":{"start":{"line":129,"column":6},"end":{"line":129,"column":71}},"61":{"start":{"line":131,"column":17},"end":{"line":131,"column":26}},"62":{"start":{"line":132,"column":4},"end":{"line":142,"column":5}},"63":{"start":{"line":134,"column":8},"end":{"line":134,"column":103}},"64":{"start":{"line":134,"column":41},"end":{"line":134,"column":101}},"65":{"start":{"line":135,"column":8},"end":{"line":135,"column":14}},"66":{"start":{"line":137,"column":8},"end":{"line":137,"column":105}},"67":{"start":{"line":137,"column":41},"end":{"line":137,"column":103}},"68":{"start":{"line":138,"column":8},"end":{"line":138,"column":14}},"69":{"start":{"line":140,"column":8},"end":{"line":140,"column":27}},"70":{"start":{"line":141,"column":8},"end":{"line":141,"column":14}},"71":{"start":{"line":143,"column":4},"end":{"line":143,"column":92}},"72":{"start":{"line":152,"column":17},"end":{"line":152,"column":32}},"73":{"start":{"line":153,"column":4},"end":{"line":153,"column":75}},"74":{"start":{"line":162,"column":22},"end":{"line":162,"column":30}},"75":{"start":{"line":163,"column":4},"end":{"line":165,"column":5}},"76":{"start":{"line":164,"column":6},"end":{"line":164,"column":64}},"77":{"start":{"line":166,"column":4},"end":{"line":166,"column":43}},"78":{"start":{"line":167,"column":17},"end":{"line":167,"column":85}},"79":{"start":{"line":167,"column":45},"end":{"line":167,"column":84}},"80":{"start":{"line":169,"column":4},"end":{"line":171,"column":5}},"81":{"start":{"line":170,"column":6},"end":{"line":170,"column":58}},"82":{"start":{"line":172,"column":4},"end":{"line":172,"column":71}},"83":{"start":{"line":181,"column":17},"end":{"line":187,"column":6}},"84":{"start":{"line":182,"column":22},"end":{"line":185,"column":7}},"85":{"start":{"line":186,"column":6},"end":{"line":186,"column":21}},"86":{"start":{"line":188,"column":4},"end":{"line":188,"column":64}},"87":{"start":{"line":197,"column":24},"end":{"line":197,"column":32}},"88":{"start":{"line":198,"column":4},"end":{"line":200,"column":5}},"89":{"start":{"line":199,"column":6},"end":{"line":199,"column":64}},"90":{"start":{"line":201,"column":17},"end":{"line":201,"column":138}},"91":{"start":{"line":201,"column":46},"end":{"line":201,"column":76}},"92":{"start":{"line":201,"column":91},"end":{"line":201,"column":137}},"93":{"start":{"line":202,"column":4},"end":{"line":204,"column":5}},"94":{"start":{"line":203,"column":6},"end":{"line":203,"column":58}},"95":{"start":{"line":205,"column":4},"end":{"line":205,"column":68}},"96":{"start":{"line":214,"column":17},"end":{"line":214,"column":92}},"97":{"start":{"line":214,"column":50},"end":{"line":214,"column":90}},"98":{"start":{"line":215,"column":4},"end":{"line":215,"column":79}},"99":{"start":{"line":224,"column":24},"end":{"line":224,"column":32}},"100":{"start":{"line":225,"column":4},"end":{"line":227,"column":5}},"101":{"start":{"line":226,"column":6},"end":{"line":226,"column":64}},"102":{"start":{"line":228,"column":17},"end":{"line":228,"column":152}},"103":{"start":{"line":228,"column":50},"end":{"line":228,"column":90}},"104":{"start":{"line":228,"column":105},"end":{"line":228,"column":151}},"105":{"start":{"line":229,"column":4},"end":{"line":229,"column":79}},"106":{"start":{"line":238,"column":17},"end":{"line":238,"column":88}},"107":{"start":{"line":238,"column":50},"end":{"line":238,"column":86}},"108":{"start":{"line":239,"column":4},"end":{"line":239,"column":74}},"109":{"start":{"line":248,"column":24},"end":{"line":248,"column":32}},"110":{"start":{"line":249,"column":4},"end":{"line":251,"column":5}},"111":{"start":{"line":250,"column":6},"end":{"line":250,"column":64}},"112":{"start":{"line":252,"column":17},"end":{"line":252,"column":162}},"113":{"start":{"line":252,"column":50},"end":{"line":252,"column":86}},"114":{"start":{"line":252,"column":101},"end":{"line":252,"column":161}},"115":{"start":{"line":253,"column":4},"end":{"line":255,"column":5}},"116":{"start":{"line":254,"column":6},"end":{"line":254,"column":58}},"117":{"start":{"line":256,"column":4},"end":{"line":256,"column":72}},"118":{"start":{"line":265,"column":17},"end":{"line":265,"column":39}},"119":{"start":{"line":266,"column":4},"end":{"line":266,"column":76}},"120":{"start":{"line":275,"column":22},"end":{"line":275,"column":30}},"121":{"start":{"line":276,"column":4},"end":{"line":278,"column":5}},"122":{"start":{"line":277,"column":6},"end":{"line":277,"column":64}},"123":{"start":{"line":279,"column":4},"end":{"line":279,"column":43}},"124":{"start":{"line":280,"column":17},"end":{"line":280,"column":92}},"125":{"start":{"line":280,"column":52},"end":{"line":280,"column":91}},"126":{"start":{"line":282,"column":4},"end":{"line":284,"column":5}},"127":{"start":{"line":283,"column":6},"end":{"line":283,"column":51}},"128":{"start":{"line":285,"column":4},"end":{"line":285,"column":72}},"129":{"start":{"line":294,"column":29},"end":{"line":294,"column":38}},"130":{"start":{"line":296,"column":4},"end":{"line":296,"column":119}},"131":{"start":{"line":296,"column":18},"end":{"line":296,"column":119}},"132":{"start":{"line":297,"column":19},"end":{"line":297,"column":65}},"133":{"start":{"line":297,"column":56},"end":{"line":297,"column":64}},"134":{"start":{"line":300,"column":26},"end":{"line":300,"column":53}},"135":{"start":{"line":301,"column":23},"end":{"line":301,"column":46}},"136":{"start":{"line":302,"column":25},"end":{"line":302,"column":55}},"137":{"start":{"line":304,"column":17},"end":{"line":312,"column":6}},"138":{"start":{"line":305,"column":29},"end":{"line":305,"column":118}},"139":{"start":{"line":305,"column":72},"end":{"line":305,"column":117}},"140":{"start":{"line":306,"column":6},"end":{"line":311,"column":9}},"141":{"start":{"line":313,"column":4},"end":{"line":313,"column":93}},"142":{"start":{"line":322,"column":17},"end":{"line":322,"column":40}},"143":{"start":{"line":323,"column":4},"end":{"line":323,"column":82}},"144":{"start":{"line":332,"column":24},"end":{"line":332,"column":32}},"145":{"start":{"line":333,"column":4},"end":{"line":335,"column":5}},"146":{"start":{"line":334,"column":6},"end":{"line":334,"column":64}},"147":{"start":{"line":336,"column":17},"end":{"line":336,"column":40}},"148":{"start":{"line":337,"column":21},"end":{"line":337,"column":102}},"149":{"start":{"line":337,"column":38},"end":{"line":337,"column":101}},"150":{"start":{"line":338,"column":4},"end":{"line":338,"column":76}},"151":{"start":{"line":338,"column":19},"end":{"line":338,"column":76}},"152":{"start":{"line":339,"column":4},"end":{"line":339,"column":72}},"153":{"start":{"line":349,"column":17},"end":{"line":349,"column":40}},"154":{"start":{"line":357,"column":8},"end":{"line":357,"column":16}},"155":{"start":{"line":359,"column":4},"end":{"line":359,"column":87}},"156":{"start":{"line":359,"column":35},"end":{"line":359,"column":87}},"157":{"start":{"line":361,"column":25},"end":{"line":365,"column":24}},"158":{"start":{"line":361,"column":59},"end":{"line":365,"column":5}},"159":{"start":{"line":364,"column":55},"end":{"line":364,"column":70}},"160":{"start":{"line":366,"column":19},"end":{"line":366,"column":161}},"161":{"start":{"line":367,"column":23},"end":{"line":367,"column":46}},"162":{"start":{"line":369,"column":4},"end":{"line":369,"column":63}},"163":{"start":{"line":378,"column":17},"end":{"line":378,"column":39}},"164":{"start":{"line":379,"column":4},"end":{"line":379,"column":68}},"165":{"start":{"line":388,"column":21},"end":{"line":388,"column":29}},"166":{"start":{"line":389,"column":4},"end":{"line":391,"column":5}},"167":{"start":{"line":390,"column":6},"end":{"line":390,"column":61}},"168":{"start":{"line":392,"column":17},"end":{"line":392,"column":39}},"169":{"start":{"line":393,"column":21},"end":{"line":393,"column":96}},"170":{"start":{"line":393,"column":38},"end":{"line":393,"column":95}},"171":{"start":{"line":394,"column":4},"end":{"line":396,"column":5}},"172":{"start":{"line":395,"column":6},"end":{"line":395,"column":60}},"173":{"start":{"line":397,"column":4},"end":{"line":397,"column":69}},"174":{"start":{"line":406,"column":17},"end":{"line":406,"column":39}},"175":{"start":{"line":412,"column":8},"end":{"line":412,"column":16}},"176":{"start":{"line":414,"column":4},"end":{"line":414,"column":87}},"177":{"start":{"line":414,"column":35},"end":{"line":414,"column":87}},"178":{"start":{"line":416,"column":17},"end":{"line":420,"column":24}},"179":{"start":{"line":416,"column":48},"end":{"line":420,"column":5}},"180":{"start":{"line":421,"column":4},"end":{"line":423,"column":5}},"181":{"start":{"line":422,"column":6},"end":{"line":422,"column":87}},"182":{"start":{"line":422,"column":36},"end":{"line":422,"column":85}},"183":{"start":{"line":425,"column":4},"end":{"line":425,"column":54}},"184":{"start":{"line":425,"column":37},"end":{"line":425,"column":52}},"185":{"start":{"line":427,"column":4},"end":{"line":427,"column":37}},"186":{"start":{"line":429,"column":4},"end":{"line":429,"column":59}},"187":{"start":{"line":442,"column":17},"end":{"line":442,"column":48}},"188":{"start":{"line":444,"column":4},"end":{"line":444,"column":22}},"189":{"start":{"line":445,"column":4},"end":{"line":445,"column":68}},"190":{"start":{"line":454,"column":17},"end":{"line":454,"column":44}},"191":{"start":{"line":455,"column":4},"end":{"line":455,"column":72}},"192":{"start":{"line":464,"column":24},"end":{"line":464,"column":32}},"193":{"start":{"line":465,"column":4},"end":{"line":467,"column":5}},"194":{"start":{"line":466,"column":6},"end":{"line":466,"column":64}},"195":{"start":{"line":468,"column":17},"end":{"line":468,"column":119}},"196":{"start":{"line":468,"column":72},"end":{"line":468,"column":118}},"197":{"start":{"line":469,"column":4},"end":{"line":471,"column":5}},"198":{"start":{"line":470,"column":6},"end":{"line":470,"column":58}},"199":{"start":{"line":472,"column":4},"end":{"line":472,"column":72}},"200":{"start":{"line":481,"column":29},"end":{"line":481,"column":37}},"201":{"start":{"line":482,"column":4},"end":{"line":484,"column":5}},"202":{"start":{"line":483,"column":6},"end":{"line":483,"column":64}},"203":{"start":{"line":485,"column":4},"end":{"line":487,"column":5}},"204":{"start":{"line":486,"column":6},"end":{"line":486,"column":62}},"205":{"start":{"line":489,"column":24},"end":{"line":489,"column":126}},"206":{"start":{"line":489,"column":79},"end":{"line":489,"column":125}},"207":{"start":{"line":490,"column":4},"end":{"line":492,"column":5}},"208":{"start":{"line":491,"column":6},"end":{"line":491,"column":58}},"209":{"start":{"line":493,"column":28},"end":{"line":493,"column":46}},"210":{"start":{"line":494,"column":28},"end":{"line":494,"column":92}},"211":{"start":{"line":494,"column":56},"end":{"line":494,"column":90}},"212":{"start":{"line":495,"column":22},"end":{"line":495,"column":110}},"213":{"start":{"line":495,"column":65},"end":{"line":495,"column":109}},"214":{"start":{"line":496,"column":4},"end":{"line":498,"column":5}},"215":{"start":{"line":497,"column":6},"end":{"line":497,"column":56}},"216":{"start":{"line":499,"column":21},"end":{"line":499,"column":62}},"217":{"start":{"line":499,"column":52},"end":{"line":499,"column":61}},"218":{"start":{"line":500,"column":4},"end":{"line":500,"column":102}},"219":{"start":{"line":504,"column":26},"end":{"line":504,"column":95}},"220":{"start":{"line":505,"column":4},"end":{"line":505,"column":73}},"221":{"start":{"line":509,"column":0},"end":{"line":509,"column":35}}},"fnMap":{"0":{"name":"(anonymous_0)","decl":{"start":{"line":18,"column":40},"end":{"line":18,"column":41}},"loc":{"start":{"line":18,"column":48},"end":{"line":18,"column":100}},"line":18},"1":{"name":"(anonymous_1)","decl":{"start":{"line":20,"column":45},"end":{"line":20,"column":46}},"loc":{"start":{"line":20,"column":52},"end":{"line":28,"column":1}},"line":20},"2":{"name":"(anonymous_2)","decl":{"start":{"line":29,"column":56},"end":{"line":29,"column":57}},"loc":{"start":{"line":29,"column":64},"end":{"line":29,"column":102}},"line":29},"3":{"name":"(anonymous_3)","decl":{"start":{"line":30,"column":59},"end":{"line":30,"column":60}},"loc":{"start":{"line":30,"column":67},"end":{"line":30,"column":172}},"line":30},"4":{"name":"(anonymous_4)","decl":{"start":{"line":30,"column":118},"end":{"line":30,"column":119}},"loc":{"start":{"line":30,"column":126},"end":{"line":30,"column":168}},"line":30},"5":{"name":"(anonymous_5)","decl":{"start":{"line":31,"column":59},"end":{"line":31,"column":60}},"loc":{"start":{"line":31,"column":67},"end":{"line":31,"column":101}},"line":31},"6":{"name":"(anonymous_6)","decl":{"start":{"line":38,"column":2},"end":{"line":38,"column":3}},"loc":{"start":{"line":38,"column":41},"end":{"line":40,"column":3}},"line":38},"7":{"name":"(anonymous_7)","decl":{"start":{"line":47,"column":2},"end":{"line":47,"column":3}},"loc":{"start":{"line":47,"column":38},"end":{"line":58,"column":3}},"line":47},"8":{"name":"(anonymous_8)","decl":{"start":{"line":52,"column":41},"end":{"line":52,"column":42}},"loc":{"start":{"line":52,"column":48},"end":{"line":52,"column":97}},"line":52},"9":{"name":"(anonymous_9)","decl":{"start":{"line":65,"column":2},"end":{"line":65,"column":3}},"loc":{"start":{"line":65,"column":40},"end":{"line":68,"column":3}},"line":65},"10":{"name":"(anonymous_10)","decl":{"start":{"line":66,"column":39},"end":{"line":66,"column":40}},"loc":{"start":{"line":66,"column":47},"end":{"line":66,"column":101}},"line":66},"11":{"name":"(anonymous_11)","decl":{"start":{"line":79,"column":2},"end":{"line":79,"column":3}},"loc":{"start":{"line":79,"column":47},"end":{"line":93,"column":3}},"line":79},"12":{"name":"(anonymous_12)","decl":{"start":{"line":86,"column":49},"end":{"line":86,"column":50}},"loc":{"start":{"line":86,"column":57},"end":{"line":86,"column":111}},"line":86},"13":{"name":"(anonymous_13)","decl":{"start":{"line":87,"column":37},"end":{"line":87,"column":38}},"loc":{"start":{"line":87,"column":44},"end":{"line":87,"column":83}},"line":87},"14":{"name":"(anonymous_14)","decl":{"start":{"line":100,"column":2},"end":{"line":100,"column":3}},"loc":{"start":{"line":100,"column":40},"end":{"line":102,"column":3}},"line":100},"15":{"name":"(anonymous_15)","decl":{"start":{"line":109,"column":2},"end":{"line":109,"column":3}},"loc":{"start":{"line":109,"column":37},"end":{"line":119,"column":3}},"line":109},"16":{"name":"(anonymous_16)","decl":{"start":{"line":114,"column":32},"end":{"line":114,"column":33}},"loc":{"start":{"line":114,"column":39},"end":{"line":114,"column":85}},"line":114},"17":{"name":"(anonymous_17)","decl":{"start":{"line":126,"column":2},"end":{"line":126,"column":3}},"loc":{"start":{"line":126,"column":36},"end":{"line":144,"column":3}},"line":126},"18":{"name":"(anonymous_18)","decl":{"start":{"line":134,"column":34},"end":{"line":134,"column":35}},"loc":{"start":{"line":134,"column":41},"end":{"line":134,"column":101}},"line":134},"19":{"name":"(anonymous_19)","decl":{"start":{"line":137,"column":34},"end":{"line":137,"column":35}},"loc":{"start":{"line":137,"column":41},"end":{"line":137,"column":103}},"line":137},"20":{"name":"(anonymous_20)","decl":{"start":{"line":151,"column":2},"end":{"line":151,"column":3}},"loc":{"start":{"line":151,"column":38},"end":{"line":154,"column":3}},"line":151},"21":{"name":"(anonymous_21)","decl":{"start":{"line":161,"column":2},"end":{"line":161,"column":3}},"loc":{"start":{"line":161,"column":42},"end":{"line":173,"column":3}},"line":161},"22":{"name":"(anonymous_22)","decl":{"start":{"line":167,"column":38},"end":{"line":167,"column":39}},"loc":{"start":{"line":167,"column":45},"end":{"line":167,"column":84}},"line":167},"23":{"name":"(anonymous_23)","decl":{"start":{"line":180,"column":2},"end":{"line":180,"column":3}},"loc":{"start":{"line":180,"column":42},"end":{"line":189,"column":3}},"line":180},"24":{"name":"(anonymous_24)","decl":{"start":{"line":181,"column":38},"end":{"line":181,"column":39}},"loc":{"start":{"line":181,"column":45},"end":{"line":187,"column":5}},"line":181},"25":{"name":"(anonymous_25)","decl":{"start":{"line":196,"column":2},"end":{"line":196,"column":3}},"loc":{"start":{"line":196,"column":39},"end":{"line":206,"column":3}},"line":196},"26":{"name":"(anonymous_26)","decl":{"start":{"line":201,"column":38},"end":{"line":201,"column":39}},"loc":{"start":{"line":201,"column":46},"end":{"line":201,"column":76}},"line":201},"27":{"name":"(anonymous_27)","decl":{"start":{"line":201,"column":84},"end":{"line":201,"column":85}},"loc":{"start":{"line":201,"column":91},"end":{"line":201,"column":137}},"line":201},"28":{"name":"(anonymous_28)","decl":{"start":{"line":213,"column":2},"end":{"line":213,"column":3}},"loc":{"start":{"line":213,"column":43},"end":{"line":216,"column":3}},"line":213},"29":{"name":"(anonymous_29)","decl":{"start":{"line":214,"column":42},"end":{"line":214,"column":43}},"loc":{"start":{"line":214,"column":50},"end":{"line":214,"column":90}},"line":214},"30":{"name":"(anonymous_30)","decl":{"start":{"line":223,"column":2},"end":{"line":223,"column":3}},"loc":{"start":{"line":223,"column":41},"end":{"line":230,"column":3}},"line":223},"31":{"name":"(anonymous_31)","decl":{"start":{"line":228,"column":42},"end":{"line":228,"column":43}},"loc":{"start":{"line":228,"column":50},"end":{"line":228,"column":90}},"line":228},"32":{"name":"(anonymous_32)","decl":{"start":{"line":228,"column":98},"end":{"line":228,"column":99}},"loc":{"start":{"line":228,"column":105},"end":{"line":228,"column":151}},"line":228},"33":{"name":"(anonymous_33)","decl":{"start":{"line":237,"column":2},"end":{"line":237,"column":3}},"loc":{"start":{"line":237,"column":39},"end":{"line":240,"column":3}},"line":237},"34":{"name":"(anonymous_34)","decl":{"start":{"line":238,"column":42},"end":{"line":238,"column":43}},"loc":{"start":{"line":238,"column":50},"end":{"line":238,"column":86}},"line":238},"35":{"name":"(anonymous_35)","decl":{"start":{"line":247,"column":2},"end":{"line":247,"column":3}},"loc":{"start":{"line":247,"column":37},"end":{"line":257,"column":3}},"line":247},"36":{"name":"(anonymous_36)","decl":{"start":{"line":252,"column":42},"end":{"line":252,"column":43}},"loc":{"start":{"line":252,"column":50},"end":{"line":252,"column":86}},"line":252},"37":{"name":"(anonymous_37)","decl":{"start":{"line":252,"column":94},"end":{"line":252,"column":95}},"loc":{"start":{"line":252,"column":101},"end":{"line":252,"column":161}},"line":252},"38":{"name":"(anonymous_38)","decl":{"start":{"line":264,"column":2},"end":{"line":264,"column":3}},"loc":{"start":{"line":264,"column":43},"end":{"line":267,"column":3}},"line":264},"39":{"name":"(anonymous_39)","decl":{"start":{"line":274,"column":2},"end":{"line":274,"column":3}},"loc":{"start":{"line":274,"column":47},"end":{"line":286,"column":3}},"line":274},"40":{"name":"(anonymous_40)","decl":{"start":{"line":280,"column":45},"end":{"line":280,"column":46}},"loc":{"start":{"line":280,"column":52},"end":{"line":280,"column":91}},"line":280},"41":{"name":"(anonymous_41)","decl":{"start":{"line":293,"column":2},"end":{"line":293,"column":3}},"loc":{"start":{"line":293,"column":36},"end":{"line":314,"column":3}},"line":293},"42":{"name":"(anonymous_42)","decl":{"start":{"line":297,"column":49},"end":{"line":297,"column":50}},"loc":{"start":{"line":297,"column":56},"end":{"line":297,"column":64}},"line":297},"43":{"name":"(anonymous_43)","decl":{"start":{"line":304,"column":42},"end":{"line":304,"column":43}},"loc":{"start":{"line":304,"column":49},"end":{"line":312,"column":5}},"line":304},"44":{"name":"(anonymous_44)","decl":{"start":{"line":305,"column":65},"end":{"line":305,"column":66}},"loc":{"start":{"line":305,"column":72},"end":{"line":305,"column":117}},"line":305},"45":{"name":"(anonymous_45)","decl":{"start":{"line":321,"column":2},"end":{"line":321,"column":3}},"loc":{"start":{"line":321,"column":39},"end":{"line":324,"column":3}},"line":321},"46":{"name":"(anonymous_46)","decl":{"start":{"line":331,"column":2},"end":{"line":331,"column":3}},"loc":{"start":{"line":331,"column":48},"end":{"line":340,"column":3}},"line":331},"47":{"name":"(anonymous_47)","decl":{"start":{"line":337,"column":31},"end":{"line":337,"column":32}},"loc":{"start":{"line":337,"column":38},"end":{"line":337,"column":101}},"line":337},"48":{"name":"(anonymous_48)","decl":{"start":{"line":348,"column":2},"end":{"line":348,"column":3}},"loc":{"start":{"line":348,"column":49},"end":{"line":370,"column":3}},"line":348},"49":{"name":"(anonymous_49)","decl":{"start":{"line":361,"column":51},"end":{"line":361,"column":52}},"loc":{"start":{"line":361,"column":59},"end":{"line":365,"column":5}},"line":361},"50":{"name":"(anonymous_50)","decl":{"start":{"line":364,"column":48},"end":{"line":364,"column":49}},"loc":{"start":{"line":364,"column":55},"end":{"line":364,"column":70}},"line":364},"51":{"name":"(anonymous_51)","decl":{"start":{"line":377,"column":2},"end":{"line":377,"column":3}},"loc":{"start":{"line":377,"column":45},"end":{"line":380,"column":3}},"line":377},"52":{"name":"(anonymous_52)","decl":{"start":{"line":387,"column":2},"end":{"line":387,"column":3}},"loc":{"start":{"line":387,"column":45},"end":{"line":398,"column":3}},"line":387},"53":{"name":"(anonymous_53)","decl":{"start":{"line":393,"column":31},"end":{"line":393,"column":32}},"loc":{"start":{"line":393,"column":38},"end":{"line":393,"column":95}},"line":393},"54":{"name":"(anonymous_54)","decl":{"start":{"line":405,"column":2},"end":{"line":405,"column":3}},"loc":{"start":{"line":405,"column":48},"end":{"line":430,"column":3}},"line":405},"55":{"name":"(anonymous_55)","decl":{"start":{"line":416,"column":40},"end":{"line":416,"column":41}},"loc":{"start":{"line":416,"column":48},"end":{"line":420,"column":5}},"line":416},"56":{"name":"(anonymous_56)","decl":{"start":{"line":422,"column":29},"end":{"line":422,"column":30}},"loc":{"start":{"line":422,"column":36},"end":{"line":422,"column":85}},"line":422},"57":{"name":"(anonymous_57)","decl":{"start":{"line":441,"column":2},"end":{"line":441,"column":3}},"loc":{"start":{"line":441,"column":47},"end":{"line":446,"column":3}},"line":441},"58":{"name":"(anonymous_58)","decl":{"start":{"line":453,"column":2},"end":{"line":453,"column":3}},"loc":{"start":{"line":453,"column":37},"end":{"line":456,"column":3}},"line":453},"59":{"name":"(anonymous_59)","decl":{"start":{"line":463,"column":2},"end":{"line":463,"column":3}},"loc":{"start":{"line":463,"column":42},"end":{"line":473,"column":3}},"line":463},"60":{"name":"(anonymous_60)","decl":{"start":{"line":468,"column":65},"end":{"line":468,"column":66}},"loc":{"start":{"line":468,"column":72},"end":{"line":468,"column":118}},"line":468},"61":{"name":"(anonymous_61)","decl":{"start":{"line":480,"column":2},"end":{"line":480,"column":3}},"loc":{"start":{"line":480,"column":40},"end":{"line":501,"column":3}},"line":480},"62":{"name":"(anonymous_62)","decl":{"start":{"line":489,"column":72},"end":{"line":489,"column":73}},"loc":{"start":{"line":489,"column":79},"end":{"line":489,"column":125}},"line":489},"63":{"name":"(anonymous_63)","decl":{"start":{"line":494,"column":48},"end":{"line":494,"column":49}},"loc":{"start":{"line":494,"column":56},"end":{"line":494,"column":90}},"line":494},"64":{"name":"(anonymous_64)","decl":{"start":{"line":495,"column":58},"end":{"line":495,"column":59}},"loc":{"start":{"line":495,"column":65},"end":{"line":495,"column":109}},"line":495},"65":{"name":"(anonymous_65)","decl":{"start":{"line":499,"column":42},"end":{"line":499,"column":43}},"loc":{"start":{"line":499,"column":52},"end":{"line":499,"column":61}},"line":499},"66":{"name":"(anonymous_66)","decl":{"start":{"line":503,"column":2},"end":{"line":503,"column":3}},"loc":{"start":{"line":503,"column":34},"end":{"line":506,"column":3}},"line":503}},"branchMap":{"0":{"loc":{"start":{"line":24,"column":10},"end":{"line":24,"column":33}},"type":"cond-expr","locations":[{"start":{"line":24,"column":17},"end":{"line":24,"column":26}},{"start":{"line":24,"column":29},"end":{"line":24,"column":33}}],"line":24},"1":{"loc":{"start":{"line":25,"column":10},"end":{"line":25,"column":33}},"type":"cond-expr","locations":[{"start":{"line":25,"column":17},"end":{"line":25,"column":26}},{"start":{"line":25,"column":29},"end":{"line":25,"column":33}}],"line":25},"2":{"loc":{"start":{"line":49,"column":4},"end":{"line":51,"column":5}},"type":"if","locations":[{"start":{"line":49,"column":4},"end":{"line":51,"column":5}},{"start":{"line":49,"column":4},"end":{"line":51,"column":5}}],"line":49},"3":{"loc":{"start":{"line":54,"column":4},"end":{"line":56,"column":5}},"type":"if","locations":[{"start":{"line":54,"column":4},"end":{"line":56,"column":5}},{"start":{"line":54,"column":4},"end":{"line":56,"column":5}}],"line":54},"4":{"loc":{"start":{"line":81,"column":4},"end":{"line":83,"column":5}},"type":"if","locations":[{"start":{"line":81,"column":4},"end":{"line":83,"column":5}},{"start":{"line":81,"column":4},"end":{"line":83,"column":5}}],"line":81},"5":{"loc":{"start":{"line":89,"column":4},"end":{"line":91,"column":5}},"type":"if","locations":[{"start":{"line":89,"column":4},"end":{"line":91,"column":5}},{"start":{"line":89,"column":4},"end":{"line":91,"column":5}}],"line":89},"6":{"loc":{"start":{"line":111,"column":4},"end":{"line":113,"column":5}},"type":"if","locations":[{"start":{"line":111,"column":4},"end":{"line":113,"column":5}},{"start":{"line":111,"column":4},"end":{"line":113,"column":5}}],"line":111},"7":{"loc":{"start":{"line":115,"column":4},"end":{"line":117,"column":5}},"type":"if","locations":[{"start":{"line":115,"column":4},"end":{"line":117,"column":5}},{"start":{"line":115,"column":4},"end":{"line":117,"column":5}}],"line":115},"8":{"loc":{"start":{"line":128,"column":4},"end":{"line":130,"column":5}},"type":"if","locations":[{"start":{"line":128,"column":4},"end":{"line":130,"column":5}},{"start":{"line":128,"column":4},"end":{"line":130,"column":5}}],"line":128},"9":{"loc":{"start":{"line":128,"column":8},"end":{"line":128,"column":29}},"type":"binary-expr","locations":[{"start":{"line":128,"column":8},"end":{"line":128,"column":13}},{"start":{"line":128,"column":17},"end":{"line":128,"column":21}},{"start":{"line":128,"column":25},"end":{"line":128,"column":29}}],"line":128},"10":{"loc":{"start":{"line":132,"column":4},"end":{"line":142,"column":5}},"type":"switch","locations":[{"start":{"line":133,"column":6},"end":{"line":135,"column":14}},{"start":{"line":136,"column":6},"end":{"line":138,"column":14}},{"start":{"line":139,"column":6},"end":{"line":141,"column":14}}],"line":132},"11":{"loc":{"start":{"line":134,"column":41},"end":{"line":134,"column":101}},"type":"binary-expr","locations":[{"start":{"line":134,"column":41},"end":{"line":134,"column":69}},{"start":{"line":134,"column":73},"end":{"line":134,"column":101}}],"line":134},"12":{"loc":{"start":{"line":137,"column":41},"end":{"line":137,"column":103}},"type":"binary-expr","locations":[{"start":{"line":137,"column":41},"end":{"line":137,"column":70}},{"start":{"line":137,"column":74},"end":{"line":137,"column":103}}],"line":137},"13":{"loc":{"start":{"line":163,"column":4},"end":{"line":165,"column":5}},"type":"if","locations":[{"start":{"line":163,"column":4},"end":{"line":165,"column":5}},{"start":{"line":163,"column":4},"end":{"line":165,"column":5}}],"line":163},"14":{"loc":{"start":{"line":169,"column":4},"end":{"line":171,"column":5}},"type":"if","locations":[{"start":{"line":169,"column":4},"end":{"line":171,"column":5}},{"start":{"line":169,"column":4},"end":{"line":171,"column":5}}],"line":169},"15":{"loc":{"start":{"line":198,"column":4},"end":{"line":200,"column":5}},"type":"if","locations":[{"start":{"line":198,"column":4},"end":{"line":200,"column":5}},{"start":{"line":198,"column":4},"end":{"line":200,"column":5}}],"line":198},"16":{"loc":{"start":{"line":202,"column":4},"end":{"line":204,"column":5}},"type":"if","locations":[{"start":{"line":202,"column":4},"end":{"line":204,"column":5}},{"start":{"line":202,"column":4},"end":{"line":204,"column":5}}],"line":202},"17":{"loc":{"start":{"line":225,"column":4},"end":{"line":227,"column":5}},"type":"if","locations":[{"start":{"line":225,"column":4},"end":{"line":227,"column":5}},{"start":{"line":225,"column":4},"end":{"line":227,"column":5}}],"line":225},"18":{"loc":{"start":{"line":249,"column":4},"end":{"line":251,"column":5}},"type":"if","locations":[{"start":{"line":249,"column":4},"end":{"line":251,"column":5}},{"start":{"line":249,"column":4},"end":{"line":251,"column":5}}],"line":249},"19":{"loc":{"start":{"line":253,"column":4},"end":{"line":255,"column":5}},"type":"if","locations":[{"start":{"line":253,"column":4},"end":{"line":255,"column":5}},{"start":{"line":253,"column":4},"end":{"line":255,"column":5}}],"line":253},"20":{"loc":{"start":{"line":276,"column":4},"end":{"line":278,"column":5}},"type":"if","locations":[{"start":{"line":276,"column":4},"end":{"line":278,"column":5}},{"start":{"line":276,"column":4},"end":{"line":278,"column":5}}],"line":276},"21":{"loc":{"start":{"line":282,"column":4},"end":{"line":284,"column":5}},"type":"if","locations":[{"start":{"line":282,"column":4},"end":{"line":284,"column":5}},{"start":{"line":282,"column":4},"end":{"line":284,"column":5}}],"line":282},"22":{"loc":{"start":{"line":294,"column":12},"end":{"line":294,"column":24}},"type":"default-arg","locations":[{"start":{"line":294,"column":22},"end":{"line":294,"column":24}}],"line":294},"23":{"loc":{"start":{"line":296,"column":4},"end":{"line":296,"column":119}},"type":"if","locations":[{"start":{"line":296,"column":4},"end":{"line":296,"column":119}},{"start":{"line":296,"column":4},"end":{"line":296,"column":119}}],"line":296},"24":{"loc":{"start":{"line":305,"column":29},"end":{"line":305,"column":118}},"type":"binary-expr","locations":[{"start":{"line":305,"column":29},"end":{"line":305,"column":39}},{"start":{"line":305,"column":43},"end":{"line":305,"column":118}}],"line":305},"25":{"loc":{"start":{"line":308,"column":18},"end":{"line":308,"column":60}},"type":"binary-expr","locations":[{"start":{"line":308,"column":19},"end":{"line":308,"column":32}},{"start":{"line":308,"column":36},"end":{"line":308,"column":46}},{"start":{"line":308,"column":51},"end":{"line":308,"column":60}}],"line":308},"26":{"loc":{"start":{"line":309,"column":21},"end":{"line":309,"column":61}},"type":"binary-expr","locations":[{"start":{"line":309,"column":22},"end":{"line":309,"column":34}},{"start":{"line":309,"column":38},"end":{"line":309,"column":47}},{"start":{"line":309,"column":52},"end":{"line":309,"column":61}}],"line":309},"27":{"loc":{"start":{"line":310,"column":14},"end":{"line":310,"column":66}},"type":"binary-expr","locations":[{"start":{"line":310,"column":15},"end":{"line":310,"column":29}},{"start":{"line":310,"column":33},"end":{"line":310,"column":52}},{"start":{"line":310,"column":57},"end":{"line":310,"column":66}}],"line":310},"28":{"loc":{"start":{"line":333,"column":4},"end":{"line":335,"column":5}},"type":"if","locations":[{"start":{"line":333,"column":4},"end":{"line":335,"column":5}},{"start":{"line":333,"column":4},"end":{"line":335,"column":5}}],"line":333},"29":{"loc":{"start":{"line":338,"column":4},"end":{"line":338,"column":76}},"type":"if","locations":[{"start":{"line":338,"column":4},"end":{"line":338,"column":76}},{"start":{"line":338,"column":4},"end":{"line":338,"column":76}}],"line":338},"30":{"loc":{"start":{"line":351,"column":6},"end":{"line":351,"column":29}},"type":"default-arg","locations":[{"start":{"line":351,"column":13},"end":{"line":351,"column":29}}],"line":351},"31":{"loc":{"start":{"line":352,"column":6},"end":{"line":352,"column":25}},"type":"default-arg","locations":[{"start":{"line":352,"column":14},"end":{"line":352,"column":25}}],"line":352},"32":{"loc":{"start":{"line":353,"column":6},"end":{"line":353,"column":16}},"type":"default-arg","locations":[{"start":{"line":353,"column":11},"end":{"line":353,"column":16}}],"line":353},"33":{"loc":{"start":{"line":354,"column":6},"end":{"line":354,"column":16}},"type":"default-arg","locations":[{"start":{"line":354,"column":11},"end":{"line":354,"column":16}}],"line":354},"34":{"loc":{"start":{"line":355,"column":6},"end":{"line":355,"column":19}},"type":"default-arg","locations":[{"start":{"line":355,"column":14},"end":{"line":355,"column":19}}],"line":355},"35":{"loc":{"start":{"line":356,"column":6},"end":{"line":356,"column":28}},"type":"default-arg","locations":[{"start":{"line":356,"column":16},"end":{"line":356,"column":28}}],"line":356},"36":{"loc":{"start":{"line":359,"column":4},"end":{"line":359,"column":87}},"type":"if","locations":[{"start":{"line":359,"column":4},"end":{"line":359,"column":87}},{"start":{"line":359,"column":4},"end":{"line":359,"column":87}}],"line":359},"37":{"loc":{"start":{"line":366,"column":19},"end":{"line":366,"column":161}},"type":"cond-expr","locations":[{"start":{"line":366,"column":31},"end":{"line":366,"column":60}},{"start":{"line":366,"column":63},"end":{"line":366,"column":161}}],"line":366},"38":{"loc":{"start":{"line":366,"column":19},"end":{"line":366,"column":28}},"type":"binary-expr","locations":[{"start":{"line":366,"column":19},"end":{"line":366,"column":21}},{"start":{"line":366,"column":25},"end":{"line":366,"column":28}}],"line":366},"39":{"loc":{"start":{"line":366,"column":63},"end":{"line":366,"column":161}},"type":"cond-expr","locations":[{"start":{"line":366,"column":75},"end":{"line":366,"column":101}},{"start":{"line":366,"column":104},"end":{"line":366,"column":161}}],"line":366},"40":{"loc":{"start":{"line":366,"column":63},"end":{"line":366,"column":72}},"type":"binary-expr","locations":[{"start":{"line":366,"column":63},"end":{"line":366,"column":65}},{"start":{"line":366,"column":69},"end":{"line":366,"column":72}}],"line":366},"41":{"loc":{"start":{"line":366,"column":104},"end":{"line":366,"column":161}},"type":"cond-expr","locations":[{"start":{"line":366,"column":115},"end":{"line":366,"column":146}},{"start":{"line":366,"column":149},"end":{"line":366,"column":161}}],"line":366},"42":{"loc":{"start":{"line":366,"column":104},"end":{"line":366,"column":112}},"type":"binary-expr","locations":[{"start":{"line":366,"column":104},"end":{"line":366,"column":106}},{"start":{"line":366,"column":110},"end":{"line":366,"column":112}}],"line":366},"43":{"loc":{"start":{"line":389,"column":4},"end":{"line":391,"column":5}},"type":"if","locations":[{"start":{"line":389,"column":4},"end":{"line":391,"column":5}},{"start":{"line":389,"column":4},"end":{"line":391,"column":5}}],"line":389},"44":{"loc":{"start":{"line":394,"column":4},"end":{"line":396,"column":5}},"type":"if","locations":[{"start":{"line":394,"column":4},"end":{"line":396,"column":5}},{"start":{"line":394,"column":4},"end":{"line":396,"column":5}}],"line":394},"45":{"loc":{"start":{"line":408,"column":6},"end":{"line":408,"column":25}},"type":"default-arg","locations":[{"start":{"line":408,"column":14},"end":{"line":408,"column":25}}],"line":408},"46":{"loc":{"start":{"line":409,"column":6},"end":{"line":409,"column":19}},"type":"default-arg","locations":[{"start":{"line":409,"column":14},"end":{"line":409,"column":19}}],"line":409},"47":{"loc":{"start":{"line":410,"column":6},"end":{"line":410,"column":28}},"type":"default-arg","locations":[{"start":{"line":410,"column":16},"end":{"line":410,"column":28}}],"line":410},"48":{"loc":{"start":{"line":411,"column":6},"end":{"line":411,"column":21}},"type":"default-arg","locations":[{"start":{"line":411,"column":16},"end":{"line":411,"column":21}}],"line":411},"49":{"loc":{"start":{"line":414,"column":4},"end":{"line":414,"column":87}},"type":"if","locations":[{"start":{"line":414,"column":4},"end":{"line":414,"column":87}},{"start":{"line":414,"column":4},"end":{"line":414,"column":87}}],"line":414},"50":{"loc":{"start":{"line":421,"column":4},"end":{"line":423,"column":5}},"type":"if","locations":[{"start":{"line":421,"column":4},"end":{"line":423,"column":5}},{"start":{"line":421,"column":4},"end":{"line":423,"column":5}}],"line":421},"51":{"loc":{"start":{"line":425,"column":4},"end":{"line":425,"column":54}},"type":"if","locations":[{"start":{"line":425,"column":4},"end":{"line":425,"column":54}},{"start":{"line":425,"column":4},"end":{"line":425,"column":54}}],"line":425},"52":{"loc":{"start":{"line":465,"column":4},"end":{"line":467,"column":5}},"type":"if","locations":[{"start":{"line":465,"column":4},"end":{"line":467,"column":5}},{"start":{"line":465,"column":4},"end":{"line":467,"column":5}}],"line":465},"53":{"loc":{"start":{"line":469,"column":4},"end":{"line":471,"column":5}},"type":"if","locations":[{"start":{"line":469,"column":4},"end":{"line":471,"column":5}},{"start":{"line":469,"column":4},"end":{"line":471,"column":5}}],"line":469},"54":{"loc":{"start":{"line":482,"column":4},"end":{"line":484,"column":5}},"type":"if","locations":[{"start":{"line":482,"column":4},"end":{"line":484,"column":5}},{"start":{"line":482,"column":4},"end":{"line":484,"column":5}}],"line":482},"55":{"loc":{"start":{"line":485,"column":4},"end":{"line":487,"column":5}},"type":"if","locations":[{"start":{"line":485,"column":4},"end":{"line":487,"column":5}},{"start":{"line":485,"column":4},"end":{"line":487,"column":5}}],"line":485},"56":{"loc":{"start":{"line":490,"column":4},"end":{"line":492,"column":5}},"type":"if","locations":[{"start":{"line":490,"column":4},"end":{"line":492,"column":5}},{"start":{"line":490,"column":4},"end":{"line":492,"column":5}}],"line":490},"57":{"loc":{"start":{"line":496,"column":4},"end":{"line":498,"column":5}},"type":"if","locations":[{"start":{"line":496,"column":4},"end":{"line":498,"column":5}},{"start":{"line":496,"column":4},"end":{"line":498,"column":5}}],"line":496}},"s":{"0":1,"1":1,"2":1,"3":1,"4":1,"5":1,"6":1,"7":1,"8":1,"9":1,"10":1,"11":1,"12":1,"13":1,"14":243,"15":1,"16":221,"17":221,"18":221,"19":1,"20":250,"21":1,"22":248,"23":4872,"24":1,"25":248,"26":1,"27":2,"28":2,"29":1,"30":1,"31":137,"32":1,"33":0,"34":1,"35":1,"36":243,"37":1,"38":2,"39":2,"40":1,"41":1,"42":1,"43":243,"44":1,"45":160,"46":1,"47":1,"48":0,"49":1,"50":2,"51":2,"52":1,"53":1,"54":160,"55":1,"56":0,"57":1,"58":4,"59":4,"60":3,"61":1,"62":1,"63":0,"64":0,"65":0,"66":1,"67":243,"68":1,"69":0,"70":0,"71":1,"72":1,"73":1,"74":2,"75":2,"76":1,"77":1,"78":1,"79":147,"80":1,"81":0,"82":1,"83":1,"84":221,"85":221,"86":1,"87":2,"88":2,"89":1,"90":1,"91":221,"92":147,"93":1,"94":0,"95":1,"96":1,"97":250,"98":1,"99":2,"100":2,"101":1,"102":1,"103":250,"104":140,"105":1,"106":1,"107":250,"108":1,"109":2,"110":2,"111":1,"112":1,"113":250,"114":140,"115":1,"116":0,"117":1,"118":1,"119":1,"120":2,"121":2,"122":1,"123":1,"124":1,"125":140,"126":1,"127":0,"128":1,"129":0,"130":0,"131":0,"132":0,"133":0,"134":0,"135":0,"136":0,"137":0,"138":0,"139":0,"140":0,"141":0,"142":1,"143":1,"144":3,"145":3,"146":1,"147":2,"148":2,"149":454,"150":2,"151":1,"152":1,"153":1,"154":1,"155":1,"156":0,"157":1,"158":263,"159":10682,"160":1,"161":1,"162":1,"163":1,"164":1,"165":3,"166":3,"167":1,"168":2,"169":2,"170":7515,"171":2,"172":1,"173":1,"174":1,"175":1,"176":1,"177":0,"178":1,"179":4503,"180":1,"181":1,"182":4503,"183":1,"184":0,"185":1,"186":1,"187":0,"188":0,"189":0,"190":1,"191":1,"192":3,"193":3,"194":1,"195":2,"196":410,"197":2,"198":1,"199":1,"200":6,"201":6,"202":1,"203":5,"204":2,"205":3,"206":250,"207":3,"208":1,"209":2,"210":2,"211":66,"212":2,"213":34,"214":2,"215":1,"216":1,"217":6,"218":1,"219":1,"220":1,"221":1},"f":{"0":243,"1":221,"2":250,"3":248,"4":4872,"5":248,"6":1,"7":2,"8":137,"9":1,"10":243,"11":2,"12":243,"13":160,"14":1,"15":2,"16":160,"17":4,"18":0,"19":243,"20":1,"21":2,"22":147,"23":1,"24":221,"25":2,"26":221,"27":147,"28":1,"29":250,"30":2,"31":250,"32":140,"33":1,"34":250,"35":2,"36":250,"37":140,"38":1,"39":2,"40":140,"41":0,"42":0,"43":0,"44":0,"45":1,"46":3,"47":454,"48":1,"49":263,"50":10682,"51":1,"52":3,"53":7515,"54":1,"55":4503,"56":4503,"57":0,"58":1,"59":3,"60":410,"61":6,"62":250,"63":66,"64":34,"65":6,"66":1},"b":{"0":[211,10],"1":[211,10],"2":[1,1],"3":[0,1],"4":[1,1],"5":[1,0],"6":[1,1],"7":[0,1],"8":[3,1],"9":[4,3,2],"10":[0,1,0],"11":[0,0],"12":[243,156],"13":[1,1],"14":[0,1],"15":[1,1],"16":[0,1],"17":[1,1],"18":[1,1],"19":[0,1],"20":[1,1],"21":[0,1],"22":[0],"23":[0,0],"24":[0,0],"25":[0,0,0],"26":[0,0,0],"27":[0,0,0],"28":[1,2],"29":[1,1],"30":[0],"31":[0],"32":[0],"33":[0],"34":[0],"35":[0],"36":[0,1],"37":[0,1],"38":[1,1],"39":[0,1],"40":[1,1],"41":[1,0],"42":[1,1],"43":[1,2],"44":[1,1],"45":[0],"46":[0],"47":[0],"48":[0],"49":[0,1],"50":[1,0],"51":[0,1],"52":[1,2],"53":[1,1],"54":[1,5],"55":[2,3],"56":[1,2],"57":[1,1]},"_coverageSchema":"1a1c01bbd47fc00a2c39e90264f33305004495a9","hash":"620d5308511483dc51c54cecd0d76e81f6bb51fc","contentHash":"24cf50d7f9f2dd219deeeb9848a6a3e2d1f0b6134135ae51b8076047a5cab387"},"/Users/kratos/Projects/OPENSOURCE/CountriesNow/model/countriesAndCities.js":{"path":"/Users/kratos/Projects/OPENSOURCE/CountriesNow/model/countriesAndCities.js","statementMap":{"0":{"start":{"line":1,"column":27},"end":{"line":84688,"column":1}},"1":{"start":{"line":84690,"column":0},"end":{"line":84690,"column":36}}},"fnMap":{},"branchMap":{},"s":{"0":1,"1":1},"f":{},"b":{},"_coverageSchema":"1a1c01bbd47fc00a2c39e90264f33305004495a9","hash":"df90765b58b85b6129068466f9e1b9b354576eb5","contentHash":"7521f9207d34d9d4066705bddf775413ee0566110f51d1dc5824fa5295da3602"},"/Users/kratos/Projects/OPENSOURCE/CountriesNow/model/countriesAndUnicodes.js":{"path":"/Users/kratos/Projects/OPENSOURCE/CountriesNow/model/countriesAndUnicodes.js","statementMap":{"0":{"start":{"line":1,"column":29},"end":{"line":517,"column":1}},"1":{"start":{"line":519,"column":0},"end":{"line":519,"column":38}}},"fnMap":{},"branchMap":{},"s":{"0":1,"1":1},"f":{},"b":{},"_coverageSchema":"1a1c01bbd47fc00a2c39e90264f33305004495a9","hash":"d7823ddd68ec054b58c80de77d9baf0e779e297b","contentHash":"cf2b3024bf33512849dfe5056107ba55365ab35434e64a9dc82393d2fffd7c0f"},"/Users/kratos/Projects/OPENSOURCE/CountriesNow/model/countriesAndFlag.js":{"path":"/Users/kratos/Projects/OPENSOURCE/CountriesNow/model/countriesAndFlag.js","statementMap":{"0":{"start":{"line":1,"column":25},"end":{"line":1107,"column":1}},"1":{"start":{"line":1109,"column":0},"end":{"line":1109,"column":34}}},"fnMap":{},"branchMap":{},"s":{"0":1,"1":1},"f":{},"b":{},"_coverageSchema":"1a1c01bbd47fc00a2c39e90264f33305004495a9","hash":"71b1b9810a82ff33b50f8caeca615eee1493028a","contentHash":"259e881a21530dd384543edb559d4e8290ee7908eb7eb75bbebd4fa95daffc94"},"/Users/kratos/Projects/OPENSOURCE/CountriesNow/model/countriesAndCodes.js":{"path":"/Users/kratos/Projects/OPENSOURCE/CountriesNow/model/countriesAndCodes.js","statementMap":{"0":{"start":{"line":1,"column":26},"end":{"line":728,"column":1}},"1":{"start":{"line":730,"column":0},"end":{"line":730,"column":35}}},"fnMap":{},"branchMap":{},"s":{"0":1,"1":1},"f":{},"b":{},"_coverageSchema":"1a1c01bbd47fc00a2c39e90264f33305004495a9","hash":"cace8e3cf927807e4608f5ce132c22ac925a1878","contentHash":"4c5450e9e66fde314836afb270d913d49fef0331028403ce2936f8ce78e09b52"},"/Users/kratos/Projects/OPENSOURCE/CountriesNow/model/countriesAndState.js":{"path":"/Users/kratos/Projects/OPENSOURCE/CountriesNow/model/countriesAndState.js","statementMap":{"0":{"start":{"line":3,"column":23},"end":{"line":26791,"column":1}},"1":{"start":{"line":26793,"column":0},"end":{"line":26793,"column":32}}},"fnMap":{},"branchMap":{},"s":{"0":1,"1":1},"f":{},"b":{},"_coverageSchema":"1a1c01bbd47fc00a2c39e90264f33305004495a9","hash":"f4376e45152c34fcb91cbc72fe0a888dbca9b1be","contentHash":"4afed87599ac746401426ba90457c8b78055b620944d5deb1bf060d62325ddb1"},"/Users/kratos/Projects/OPENSOURCE/CountriesNow/model/countriesStateCity.js":{"path":"/Users/kratos/Projects/OPENSOURCE/CountriesNow/model/countriesStateCity.js","statementMap":{"0":{"start":{"line":2,"column":13},"end":{"line":898657,"column":1}},"1":{"start":{"line":898659,"column":0},"end":{"line":898659,"column":22}}},"fnMap":{},"branchMap":{},"s":{"0":1,"1":1},"f":{},"b":{},"_coverageSchema":"1a1c01bbd47fc00a2c39e90264f33305004495a9","hash":"456c08f8852baa8ce896a886ecb28b359a114de5","contentHash":"ba2c8f368713800a448957b70bdf458fa19c8d82bea87fcbf75128d9a12c7425"},"/Users/kratos/Projects/OPENSOURCE/CountriesNow/helpers/finder.js":{"path":"/Users/kratos/Projects/OPENSOURCE/CountriesNow/helpers/finder.js","statementMap":{"0":{"start":{"line":10,"column":4},"end":{"line":10,"column":79}},"1":{"start":{"line":10,"column":27},"end":{"line":10,"column":77}},"2":{"start":{"line":14,"column":0},"end":{"line":14,"column":24}}},"fnMap":{"0":{"name":"(anonymous_0)","decl":{"start":{"line":9,"column":2},"end":{"line":9,"column":3}},"loc":{"start":{"line":9,"column":46},"end":{"line":11,"column":3}},"line":9},"1":{"name":"(anonymous_1)","decl":{"start":{"line":10,"column":20},"end":{"line":10,"column":21}},"loc":{"start":{"line":10,"column":27},"end":{"line":10,"column":77}},"line":10}},"branchMap":{},"s":{"0":221,"1":28758,"2":1},"f":{"0":221,"1":28758},"b":{},"_coverageSchema":"1a1c01bbd47fc00a2c39e90264f33305004495a9","hash":"7b40682c2a10b3507c3bdcd2db03ddf0c123bcbd","contentHash":"33476ae6067021bb4749fac7f4c78c45c99a848814b8815a043fcb6eec5f3b24"},"/Users/kratos/Projects/OPENSOURCE/CountriesNow/helpers/respond.js":{"path":"/Users/kratos/Projects/OPENSOURCE/CountriesNow/helpers/respond.js","statementMap":{"0":{"start":{"line":9,"column":4},"end":{"line":12,"column":7}},"1":{"start":{"line":22,"column":4},"end":{"line":26,"column":7}},"2":{"start":{"line":30,"column":0},"end":{"line":30,"column":25}}},"fnMap":{"0":{"name":"(anonymous_0)","decl":{"start":{"line":8,"column":2},"end":{"line":8,"column":3}},"loc":{"start":{"line":8,"column":61},"end":{"line":13,"column":3}},"line":8},"1":{"name":"(anonymous_1)","decl":{"start":{"line":21,"column":2},"end":{"line":21,"column":3}},"loc":{"start":{"line":21,"column":46},"end":{"line":27,"column":3}},"line":21}},"branchMap":{"0":{"loc":{"start":{"line":8,"column":20},"end":{"line":8,"column":45}},"type":"default-arg","locations":[{"start":{"line":8,"column":26},"end":{"line":8,"column":45}}],"line":8},"1":{"loc":{"start":{"line":8,"column":47},"end":{"line":8,"column":59}},"type":"default-arg","locations":[{"start":{"line":8,"column":56},"end":{"line":8,"column":59}}],"line":8},"2":{"loc":{"start":{"line":21,"column":22},"end":{"line":21,"column":38}},"type":"default-arg","locations":[{"start":{"line":21,"column":28},"end":{"line":21,"column":38}}],"line":21}},"s":{"0":22,"1":27,"2":1},"f":{"0":22,"1":27},"b":{"0":[0],"1":[0],"2":[0]},"_coverageSchema":"1a1c01bbd47fc00a2c39e90264f33305004495a9","hash":"f5d6f6d3ab6837819b6ba6fc9ee5e44d70730bde","contentHash":"ddc2c68f35dc979bfb021ff52b45cc4e275e2c4718691d43849e67496e2db660"},"/Users/kratos/Projects/OPENSOURCE/CountriesNow/controllers/dataHub/index.js":{"path":"/Users/kratos/Projects/OPENSOURCE/CountriesNow/controllers/dataHub/index.js","statementMap":{"0":{"start":{"line":3,"column":19},"end":{"line":3,"column":55}},"1":{"start":{"line":5,"column":23},"end":{"line":5,"column":43}},"2":{"start":{"line":10,"column":31},"end":{"line":24,"column":1}},"3":{"start":{"line":11,"column":19},"end":{"line":11,"column":106}},"4":{"start":{"line":12,"column":21},"end":{"line":12,"column":51}},"5":{"start":{"line":14,"column":2},"end":{"line":23,"column":5}},"6":{"start":{"line":16,"column":19},"end":{"line":20,"column":10}},"7":{"start":{"line":17,"column":18},"end":{"line":17,"column":38}},"8":{"start":{"line":18,"column":6},"end":{"line":18,"column":82}},"9":{"start":{"line":19,"column":6},"end":{"line":19,"column":25}},"10":{"start":{"line":21,"column":18},"end":{"line":21,"column":177}},"11":{"start":{"line":21,"column":56},"end":{"line":21,"column":175}},"12":{"start":{"line":21,"column":139},"end":{"line":21,"column":171}},"13":{"start":{"line":22,"column":4},"end":{"line":22,"column":17}},"14":{"start":{"line":28,"column":28},"end":{"line":48,"column":1}},"15":{"start":{"line":29,"column":19},"end":{"line":29,"column":149}},"16":{"start":{"line":30,"column":21},"end":{"line":30,"column":51}},"17":{"start":{"line":32,"column":2},"end":{"line":47,"column":5}},"18":{"start":{"line":34,"column":19},"end":{"line":38,"column":10}},"19":{"start":{"line":35,"column":18},"end":{"line":35,"column":27}},"20":{"start":{"line":36,"column":6},"end":{"line":36,"column":82}},"21":{"start":{"line":37,"column":6},"end":{"line":37,"column":25}},"22":{"start":{"line":39,"column":18},"end":{"line":45,"column":7}},"23":{"start":{"line":39,"column":56},"end":{"line":45,"column":5}},"24":{"start":{"line":42,"column":41},"end":{"line":44,"column":7}},"25":{"start":{"line":46,"column":4},"end":{"line":46,"column":17}},"26":{"start":{"line":50,"column":0},"end":{"line":53,"column":2}}},"fnMap":{"0":{"name":"(anonymous_0)","decl":{"start":{"line":10,"column":31},"end":{"line":10,"column":32}},"loc":{"start":{"line":10,"column":37},"end":{"line":24,"column":1}},"line":10},"1":{"name":"(anonymous_1)","decl":{"start":{"line":14,"column":43},"end":{"line":14,"column":44}},"loc":{"start":{"line":14,"column":53},"end":{"line":23,"column":3}},"line":14},"2":{"name":"(anonymous_2)","decl":{"start":{"line":16,"column":31},"end":{"line":16,"column":32}},"loc":{"start":{"line":16,"column":54},"end":{"line":20,"column":5}},"line":16},"3":{"name":"(anonymous_3)","decl":{"start":{"line":21,"column":45},"end":{"line":21,"column":46}},"loc":{"start":{"line":21,"column":56},"end":{"line":21,"column":175}},"line":21},"4":{"name":"(anonymous_4)","decl":{"start":{"line":21,"column":131},"end":{"line":21,"column":132}},"loc":{"start":{"line":21,"column":139},"end":{"line":21,"column":171}},"line":21},"5":{"name":"(anonymous_5)","decl":{"start":{"line":28,"column":28},"end":{"line":28,"column":29}},"loc":{"start":{"line":28,"column":34},"end":{"line":48,"column":1}},"line":28},"6":{"name":"(anonymous_6)","decl":{"start":{"line":32,"column":43},"end":{"line":32,"column":44}},"loc":{"start":{"line":32,"column":53},"end":{"line":47,"column":3}},"line":32},"7":{"name":"(anonymous_7)","decl":{"start":{"line":34,"column":31},"end":{"line":34,"column":32}},"loc":{"start":{"line":34,"column":54},"end":{"line":38,"column":5}},"line":34},"8":{"name":"(anonymous_8)","decl":{"start":{"line":39,"column":45},"end":{"line":39,"column":46}},"loc":{"start":{"line":39,"column":56},"end":{"line":45,"column":5}},"line":39},"9":{"name":"(anonymous_9)","decl":{"start":{"line":42,"column":33},"end":{"line":42,"column":34}},"loc":{"start":{"line":42,"column":41},"end":{"line":44,"column":7}},"line":42}},"branchMap":{"0":{"loc":{"start":{"line":18,"column":6},"end":{"line":18,"column":81}},"type":"cond-expr","locations":[{"start":{"line":18,"column":26},"end":{"line":18,"column":51}},{"start":{"line":18,"column":54},"end":{"line":18,"column":81}}],"line":18},"1":{"loc":{"start":{"line":36,"column":6},"end":{"line":36,"column":81}},"type":"cond-expr","locations":[{"start":{"line":36,"column":26},"end":{"line":36,"column":51}},{"start":{"line":36,"column":54},"end":{"line":36,"column":81}}],"line":36}},"s":{"0":1,"1":1,"2":1,"3":1,"4":1,"5":1,"6":1,"7":15409,"8":15409,"9":15409,"10":1,"11":263,"12":15409,"13":1,"14":1,"15":1,"16":1,"17":1,"18":1,"19":17223,"20":17223,"21":17223,"22":1,"23":4503,"24":17223,"25":1,"26":1},"f":{"0":1,"1":1,"2":15409,"3":263,"4":15409,"5":1,"6":1,"7":17223,"8":4503,"9":17223},"b":{"0":[263,15146],"1":[4503,12720]},"_coverageSchema":"1a1c01bbd47fc00a2c39e90264f33305004495a9","hash":"dcdc5b1e24ce09b1ac6fe62a7e61e96b7f403ca3","contentHash":"25a3d0f19ef2e810c31544bbca5ae4e0f691bcbd5512a5062faf8b6f7e5d606c"},"/Users/kratos/Projects/OPENSOURCE/CountriesNow/services/apiService.js":{"path":"/Users/kratos/Projects/OPENSOURCE/CountriesNow/services/apiService.js","statementMap":{"0":{"start":{"line":1,"column":14},"end":{"line":1,"column":30}},"1":{"start":{"line":11,"column":4},"end":{"line":11,"column":27}},"2":{"start":{"line":12,"column":4},"end":{"line":15,"column":7}},"3":{"start":{"line":23,"column":21},"end":{"line":23,"column":49}},"4":{"start":{"line":24,"column":4},"end":{"line":24,"column":25}},"5":{"start":{"line":28,"column":0},"end":{"line":28,"column":28}}},"fnMap":{"0":{"name":"(anonymous_0)","decl":{"start":{"line":10,"column":2},"end":{"line":10,"column":3}},"loc":{"start":{"line":10,"column":23},"end":{"line":16,"column":3}},"line":10},"1":{"name":"(anonymous_1)","decl":{"start":{"line":22,"column":2},"end":{"line":22,"column":3}},"loc":{"start":{"line":22,"column":26},"end":{"line":25,"column":3}},"line":22}},"branchMap":{},"s":{"0":1,"1":2,"2":2,"3":2,"4":2,"5":1},"f":{"0":2,"1":2},"b":{},"_coverageSchema":"1a1c01bbd47fc00a2c39e90264f33305004495a9","hash":"fb7f2c514d6f3bde44ba1b2fff91576da5a6eba0","contentHash":"691b5bf7465346187e1a0ff92fc2738cd8cfa82dbee7e24de8c11f2d0f92edef"},"/Users/kratos/Projects/OPENSOURCE/CountriesNow/controllers/github/index.js":{"path":"/Users/kratos/Projects/OPENSOURCE/CountriesNow/controllers/github/index.js","statementMap":{"0":{"start":{"line":1,"column":19},"end":{"line":1,"column":55}},"1":{"start":{"line":3,"column":16},"end":{"line":3,"column":38}},"2":{"start":{"line":5,"column":32},"end":{"line":18,"column":1}},"3":{"start":{"line":6,"column":19},"end":{"line":6,"column":99}},"4":{"start":{"line":7,"column":21},"end":{"line":7,"column":44}},"5":{"start":{"line":9,"column":2},"end":{"line":17,"column":7}},"6":{"start":{"line":11,"column":4},"end":{"line":11,"column":22}},"7":{"start":{"line":12,"column":4},"end":{"line":12,"column":16}},"8":{"start":{"line":16,"column":6},"end":{"line":16,"column":23}},"9":{"start":{"line":20,"column":0},"end":{"line":22,"column":2}}},"fnMap":{"0":{"name":"(anonymous_0)","decl":{"start":{"line":5,"column":32},"end":{"line":5,"column":33}},"loc":{"start":{"line":5,"column":38},"end":{"line":18,"column":1}},"line":5},"1":{"name":"(anonymous_1)","decl":{"start":{"line":9,"column":43},"end":{"line":9,"column":44}},"loc":{"start":{"line":9,"column":53},"end":{"line":13,"column":3}},"line":9},"2":{"name":"(anonymous_2)","decl":{"start":{"line":14,"column":11},"end":{"line":14,"column":12}},"loc":{"start":{"line":14,"column":20},"end":{"line":17,"column":5}},"line":14}},"branchMap":{},"s":{"0":1,"1":1,"2":1,"3":0,"4":0,"5":0,"6":0,"7":0,"8":0,"9":1},"f":{"0":0,"1":0,"2":0},"b":{},"_coverageSchema":"1a1c01bbd47fc00a2c39e90264f33305004495a9","hash":"150f9a2c56465e3d1616797144d43853b5bed79b","contentHash":"1ebc2955068dad777cc94cf76d6208d36bfbe60905eafe7b590efe0b2f3bbd92"},"/Users/kratos/Projects/OPENSOURCE/CountriesNow/helpers/utils.js":{"path":"/Users/kratos/Projects/OPENSOURCE/CountriesNow/helpers/utils.js","statementMap":{"0":{"start":{"line":6,"column":19},"end":{"line":6,"column":95}},"1":{"start":{"line":6,"column":29},"end":{"line":6,"column":95}},"2":{"start":{"line":13,"column":25},"end":{"line":30,"column":1}},"3":{"start":{"line":14,"column":2},"end":{"line":25,"column":3}},"4":{"start":{"line":15,"column":4},"end":{"line":24,"column":7}},"5":{"start":{"line":16,"column":21},"end":{"line":16,"column":44}},"6":{"start":{"line":17,"column":21},"end":{"line":17,"column":44}},"7":{"start":{"line":19,"column":6},"end":{"line":23,"column":18}},"8":{"start":{"line":26,"column":2},"end":{"line":28,"column":3}},"9":{"start":{"line":27,"column":4},"end":{"line":27,"column":84}},"10":{"start":{"line":27,"column":31},"end":{"line":27,"column":82}},"11":{"start":{"line":29,"column":2},"end":{"line":29,"column":82}},"12":{"start":{"line":29,"column":29},"end":{"line":29,"column":80}},"13":{"start":{"line":37,"column":22},"end":{"line":54,"column":1}},"14":{"start":{"line":38,"column":2},"end":{"line":49,"column":3}},"15":{"start":{"line":39,"column":4},"end":{"line":48,"column":7}},"16":{"start":{"line":40,"column":21},"end":{"line":40,"column":41}},"17":{"start":{"line":41,"column":21},"end":{"line":41,"column":41}},"18":{"start":{"line":43,"column":6},"end":{"line":47,"column":18}},"19":{"start":{"line":50,"column":2},"end":{"line":52,"column":3}},"20":{"start":{"line":51,"column":4},"end":{"line":51,"column":90}},"21":{"start":{"line":51,"column":31},"end":{"line":51,"column":88}},"22":{"start":{"line":53,"column":2},"end":{"line":53,"column":88}},"23":{"start":{"line":53,"column":29},"end":{"line":53,"column":86}},"24":{"start":{"line":60,"column":20},"end":{"line":60,"column":89}},"25":{"start":{"line":60,"column":37},"end":{"line":60,"column":89}},"26":{"start":{"line":60,"column":56},"end":{"line":60,"column":88}},"27":{"start":{"line":66,"column":17},"end":{"line":66,"column":86}},"28":{"start":{"line":66,"column":34},"end":{"line":66,"column":86}},"29":{"start":{"line":66,"column":53},"end":{"line":66,"column":85}},"30":{"start":{"line":73,"column":18},"end":{"line":73,"column":118}},"31":{"start":{"line":73,"column":36},"end":{"line":73,"column":118}},"32":{"start":{"line":73,"column":55},"end":{"line":73,"column":117}},"33":{"start":{"line":75,"column":0},"end":{"line":82,"column":2}}},"fnMap":{"0":{"name":"(anonymous_0)","decl":{"start":{"line":6,"column":19},"end":{"line":6,"column":20}},"loc":{"start":{"line":6,"column":29},"end":{"line":6,"column":95}},"line":6},"1":{"name":"(anonymous_1)","decl":{"start":{"line":13,"column":25},"end":{"line":13,"column":26}},"loc":{"start":{"line":13,"column":73},"end":{"line":30,"column":1}},"line":13},"2":{"name":"(anonymous_2)","decl":{"start":{"line":15,"column":21},"end":{"line":15,"column":22}},"loc":{"start":{"line":15,"column":31},"end":{"line":24,"column":5}},"line":15},"3":{"name":"(anonymous_3)","decl":{"start":{"line":27,"column":21},"end":{"line":27,"column":22}},"loc":{"start":{"line":27,"column":31},"end":{"line":27,"column":82}},"line":27},"4":{"name":"(anonymous_4)","decl":{"start":{"line":29,"column":19},"end":{"line":29,"column":20}},"loc":{"start":{"line":29,"column":29},"end":{"line":29,"column":80}},"line":29},"5":{"name":"(anonymous_5)","decl":{"start":{"line":37,"column":22},"end":{"line":37,"column":23}},"loc":{"start":{"line":37,"column":70},"end":{"line":54,"column":1}},"line":37},"6":{"name":"(anonymous_6)","decl":{"start":{"line":39,"column":21},"end":{"line":39,"column":22}},"loc":{"start":{"line":39,"column":31},"end":{"line":48,"column":5}},"line":39},"7":{"name":"(anonymous_7)","decl":{"start":{"line":51,"column":21},"end":{"line":51,"column":22}},"loc":{"start":{"line":51,"column":31},"end":{"line":51,"column":88}},"line":51},"8":{"name":"(anonymous_8)","decl":{"start":{"line":53,"column":19},"end":{"line":53,"column":20}},"loc":{"start":{"line":53,"column":29},"end":{"line":53,"column":86}},"line":53},"9":{"name":"(anonymous_9)","decl":{"start":{"line":60,"column":20},"end":{"line":60,"column":21}},"loc":{"start":{"line":60,"column":37},"end":{"line":60,"column":89}},"line":60},"10":{"name":"(anonymous_10)","decl":{"start":{"line":60,"column":49},"end":{"line":60,"column":50}},"loc":{"start":{"line":60,"column":56},"end":{"line":60,"column":88}},"line":60},"11":{"name":"(anonymous_11)","decl":{"start":{"line":66,"column":17},"end":{"line":66,"column":18}},"loc":{"start":{"line":66,"column":34},"end":{"line":66,"column":86}},"line":66},"12":{"name":"(anonymous_12)","decl":{"start":{"line":66,"column":46},"end":{"line":66,"column":47}},"loc":{"start":{"line":66,"column":53},"end":{"line":66,"column":85}},"line":66},"13":{"name":"(anonymous_13)","decl":{"start":{"line":73,"column":18},"end":{"line":73,"column":19}},"loc":{"start":{"line":73,"column":36},"end":{"line":73,"column":118}},"line":73},"14":{"name":"(anonymous_14)","decl":{"start":{"line":73,"column":48},"end":{"line":73,"column":49}},"loc":{"start":{"line":73,"column":55},"end":{"line":73,"column":117}},"line":73}},"branchMap":{"0":{"loc":{"start":{"line":13,"column":32},"end":{"line":13,"column":44}},"type":"default-arg","locations":[{"start":{"line":13,"column":39},"end":{"line":13,"column":44}}],"line":13},"1":{"loc":{"start":{"line":13,"column":46},"end":{"line":13,"column":68}},"type":"default-arg","locations":[{"start":{"line":13,"column":56},"end":{"line":13,"column":68}}],"line":13},"2":{"loc":{"start":{"line":14,"column":2},"end":{"line":25,"column":3}},"type":"if","locations":[{"start":{"line":14,"column":2},"end":{"line":25,"column":3}},{"start":{"line":14,"column":2},"end":{"line":25,"column":3}}],"line":14},"3":{"loc":{"start":{"line":19,"column":13},"end":{"line":23,"column":17}},"type":"cond-expr","locations":[{"start":{"line":19,"column":51},"end":{"line":19,"column":53}},{"start":{"line":20,"column":10},"end":{"line":23,"column":17}}],"line":19},"4":{"loc":{"start":{"line":19,"column":13},"end":{"line":19,"column":48}},"type":"binary-expr","locations":[{"start":{"line":19,"column":14},"end":{"line":19,"column":29}},{"start":{"line":19,"column":34},"end":{"line":19,"column":48}}],"line":19},"5":{"loc":{"start":{"line":20,"column":10},"end":{"line":23,"column":17}},"type":"cond-expr","locations":[{"start":{"line":20,"column":48},"end":{"line":20,"column":49}},{"start":{"line":21,"column":12},"end":{"line":23,"column":17}}],"line":20},"6":{"loc":{"start":{"line":20,"column":10},"end":{"line":20,"column":45}},"type":"binary-expr","locations":[{"start":{"line":20,"column":11},"end":{"line":20,"column":26}},{"start":{"line":20,"column":31},"end":{"line":20,"column":45}}],"line":20},"7":{"loc":{"start":{"line":21,"column":12},"end":{"line":23,"column":17}},"type":"cond-expr","locations":[{"start":{"line":21,"column":50},"end":{"line":21,"column":51}},{"start":{"line":22,"column":14},"end":{"line":23,"column":17}}],"line":21},"8":{"loc":{"start":{"line":21,"column":12},"end":{"line":21,"column":47}},"type":"binary-expr","locations":[{"start":{"line":21,"column":13},"end":{"line":21,"column":28}},{"start":{"line":21,"column":33},"end":{"line":21,"column":47}}],"line":21},"9":{"loc":{"start":{"line":22,"column":14},"end":{"line":23,"column":17}},"type":"cond-expr","locations":[{"start":{"line":22,"column":52},"end":{"line":22,"column":54}},{"start":{"line":23,"column":16},"end":{"line":23,"column":17}}],"line":22},"10":{"loc":{"start":{"line":22,"column":14},"end":{"line":22,"column":49}},"type":"binary-expr","locations":[{"start":{"line":22,"column":15},"end":{"line":22,"column":30}},{"start":{"line":22,"column":35},"end":{"line":22,"column":49}}],"line":22},"11":{"loc":{"start":{"line":26,"column":2},"end":{"line":28,"column":3}},"type":"if","locations":[{"start":{"line":26,"column":2},"end":{"line":28,"column":3}},{"start":{"line":26,"column":2},"end":{"line":28,"column":3}}],"line":26},"12":{"loc":{"start":{"line":37,"column":29},"end":{"line":37,"column":41}},"type":"default-arg","locations":[{"start":{"line":37,"column":36},"end":{"line":37,"column":41}}],"line":37},"13":{"loc":{"start":{"line":37,"column":43},"end":{"line":37,"column":65}},"type":"default-arg","locations":[{"start":{"line":37,"column":53},"end":{"line":37,"column":65}}],"line":37},"14":{"loc":{"start":{"line":38,"column":2},"end":{"line":49,"column":3}},"type":"if","locations":[{"start":{"line":38,"column":2},"end":{"line":49,"column":3}},{"start":{"line":38,"column":2},"end":{"line":49,"column":3}}],"line":38},"15":{"loc":{"start":{"line":43,"column":13},"end":{"line":47,"column":17}},"type":"cond-expr","locations":[{"start":{"line":43,"column":51},"end":{"line":43,"column":53}},{"start":{"line":44,"column":10},"end":{"line":47,"column":17}}],"line":43},"16":{"loc":{"start":{"line":43,"column":13},"end":{"line":43,"column":48}},"type":"binary-expr","locations":[{"start":{"line":43,"column":14},"end":{"line":43,"column":29}},{"start":{"line":43,"column":34},"end":{"line":43,"column":48}}],"line":43},"17":{"loc":{"start":{"line":44,"column":10},"end":{"line":47,"column":17}},"type":"cond-expr","locations":[{"start":{"line":44,"column":48},"end":{"line":44,"column":49}},{"start":{"line":45,"column":12},"end":{"line":47,"column":17}}],"line":44},"18":{"loc":{"start":{"line":44,"column":10},"end":{"line":44,"column":45}},"type":"binary-expr","locations":[{"start":{"line":44,"column":11},"end":{"line":44,"column":26}},{"start":{"line":44,"column":31},"end":{"line":44,"column":45}}],"line":44},"19":{"loc":{"start":{"line":45,"column":12},"end":{"line":47,"column":17}},"type":"cond-expr","locations":[{"start":{"line":45,"column":50},"end":{"line":45,"column":51}},{"start":{"line":46,"column":14},"end":{"line":47,"column":17}}],"line":45},"20":{"loc":{"start":{"line":45,"column":12},"end":{"line":45,"column":47}},"type":"binary-expr","locations":[{"start":{"line":45,"column":13},"end":{"line":45,"column":28}},{"start":{"line":45,"column":33},"end":{"line":45,"column":47}}],"line":45},"21":{"loc":{"start":{"line":46,"column":14},"end":{"line":47,"column":17}},"type":"cond-expr","locations":[{"start":{"line":46,"column":52},"end":{"line":46,"column":54}},{"start":{"line":47,"column":16},"end":{"line":47,"column":17}}],"line":46},"22":{"loc":{"start":{"line":46,"column":14},"end":{"line":46,"column":49}},"type":"binary-expr","locations":[{"start":{"line":46,"column":15},"end":{"line":46,"column":30}},{"start":{"line":46,"column":35},"end":{"line":46,"column":49}}],"line":46},"23":{"loc":{"start":{"line":50,"column":2},"end":{"line":52,"column":3}},"type":"if","locations":[{"start":{"line":50,"column":2},"end":{"line":52,"
[...]
2":0,"13":1,"14":263},"b":{"0":[0],"1":[0],"2":[1,0],"3":[0,459],"4":[459,70],"5":[0,459],"6":[459,389],"7":[70,389],"8":[459,70],"9":[389,0],"10":[389,389],"11":[0,0],"12":[0],"13":[0],"14":[1,0],"15":[17757,17825],"16":[35582,17757],"17":[17815,10],"18":[17825,17815],"19":[0,10],"20":[10,0],"21":[0,10],"22":[10,0],"23":[0,0],"24":[263,139]},"_coverageSchema":"1a1c01bbd47fc00a2c39e90264f33305004495a9","hash":"6732a02c81de950ec75c83f7fddb6d7d39e9c134","contentHash":"bb61f6c5faf59388c977a388f031cfaf68c8a7bbb8bedc04c6fddc4a509992ab"},"/Users/kratos/Projects/OPENSOURCE/CountriesNow/swagger/openApiDocumentation.js":{"path":"/Users/kratos/Projects/OPENSOURCE/CountriesNow/swagger/openApiDocumentation.js","statementMap":{"0":{"start":{"line":2,"column":16},"end":{"line":2,"column":36}},"1":{"start":{"line":3,"column":29},"end":{"line":3,"column":46}},"2":{"start":{"line":4,"column":16},"end":{"line":4,"column":36}},"3":{"start":{"line":6,"column":23},"end":{"line":6,"column":48}},"4":{"start":{"line":7,"column":21},"end":{"line":7,"column":45}},"5":{"start":{"line":8,"column":23},"end":{"line":8,"column":48}},"6":{"start":{"line":9,"column":24},"end":{"line":9,"column":50}},"7":{"start":{"line":10,"column":25},"end":{"line":10,"column":52}},"8":{"start":{"line":11,"column":21},"end":{"line":11,"column":45}},"9":{"start":{"line":12,"column":25},"end":{"line":12,"column":52}},"10":{"start":{"line":13,"column":27},"end":{"line":13,"column":56}},"11":{"start":{"line":14,"column":22},"end":{"line":14,"column":47}},"12":{"start":{"line":15,"column":34},"end":{"line":15,"column":71}},"13":{"start":{"line":16,"column":23},"end":{"line":16,"column":48}},"14":{"start":{"line":18,"column":0},"end":{"line":97,"column":2}}},"fnMap":{},"branchMap":{},"s":{"0":1,"1":1,"2":1,"3":1,"4":1,"5":1,"6":1,"7":1,"8":1,"9":1,"10":1,"11":1,"12":1,"13":1,"14":1},"f":{},"b":{},"_coverageSchema":"1a1c01bbd47fc00a2c39e90264f33305004495a9","hash":"48934d5557d31caf102850b117044db681ab1a4c","contentHash":"842c245f77ef0fe9b43b7df8f98a68801d752f69edbd9a3a2139aee6a97199da"},"/Users/kratos/Projects/OPENSOURCE/CountriesNow/swagger/servers/index.js":{"path":"/Users/kratos/Projects/OPENSOURCE/CountriesNow/swagger/servers/index.js","statementMap":{"0":{"start":{"line":1,"column":18},"end":{"line":8,"column":1}},"1":{"start":{"line":10,"column":19},"end":{"line":13,"column":1}},"2":{"start":{"line":15,"column":0},"end":{"line":18,"column":2}}},"fnMap":{},"branchMap":{"0":{"loc":{"start":{"line":6,"column":13},"end":{"line":6,"column":37}},"type":"binary-expr","locations":[{"start":{"line":6,"column":13},"end":{"line":6,"column":17}},{"start":{"line":6,"column":21},"end":{"line":6,"column":37}}],"line":6}},"s":{"0":1,"1":1,"2":1},"f":{},"b":{"0":[1,0]},"_coverageSchema":"1a1c01bbd47fc00a2c39e90264f33305004495a9","hash":"7e7a56a97ae575c71b533f4b76516df6883ff2e9","contentHash":"b853e9b1783049c79a2a70848ecbd82e6b288321f0f60dc1df31a67f8b814251"},"/Users/kratos/Projects/OPENSOURCE/CountriesNow/swagger/info/index.js":{"path":"/Users/kratos/Projects/OPENSOURCE/CountriesNow/swagger/info/index.js","statementMap":{"0":{"start":{"line":1,"column":16},"end":{"line":5,"column":1}},"1":{"start":{"line":7,"column":16},"end":{"line":10,"column":1}},"2":{"start":{"line":12,"column":0},"end":{"line":15,"column":2}}},"fnMap":{},"branchMap":{},"s":{"0":1,"1":1,"2":1},"f":{},"b":{},"_coverageSchema":"1a1c01bbd47fc00a2c39e90264f33305004495a9","hash":"faf2c91416bce0c5748e684aefb93f20146dc7aa","contentHash":"a99e1e8c2348ee40903c02221fc7a5430b8eddae274e4db0866b167591a9a796"},"/Users/kratos/Projects/OPENSOURCE/CountriesNow/swagger/schemas/index.js":{"path":"/Users/kratos/Projects/OPENSOURCE/CountriesNow/swagger/schemas/index.js","statementMap":{"0":{"start":{"line":6,"column":11},"end":{"line":6,"column":26}},"1":{"start":{"line":7,"column":11},"end":{"line":7,"column":26}},"2":{"start":{"line":8,"column":13},"end":{"line":8,"column":30}},"3":{"start":{"line":9,"column":14},"end":{"line":9,"column":32}},"4":{"start":{"line":10,"column":14},"end":{"line":10,"column":32}},"5":{"start":{"line":11,"column":16},"end":{"line":11,"column":36}},"6":{"start":{"line":12,"column":17},"end":{"line":12,"column":38}},"7":{"start":{"line":13,"column":20},"end":{"line":13,"column":44}},"8":{"start":{"line":14,"column":22},"end":{"line":14,"column":48}},"9":{"start":{"line":15,"column":23},"end":{"line":15,"column":50}},"10":{"start":{"line":16,"column":16},"end":{"line":16,"column":36}},"11":{"start":{"line":17,"column":22},"end":{"line":17,"column":48}},"12":{"start":{"line":18,"column":20},"end":{"line":18,"column":44}},"13":{"start":{"line":19,"column":39},"end":{"line":19,"column":82}},"14":{"start":{"line":20,"column":36},"end":{"line":20,"column":76}},"15":{"start":{"line":21,"column":28},"end":{"line":21,"column":60}},"16":{"start":{"line":22,"column":18},"end":{"line":22,"column":40}},"17":{"start":{"line":24,"column":0},"end":{"line":42,"column":2}}},"fnMap":{},"branchMap":{},"s":{"0":1,"1":1,"2":1,"3":1,"4":1,"5":1,"6":1,"7":1,"8":1,"9":1,"10":1,"11":1,"12":1,"13":1,"14":1,"15":1,"16":1,"17":1},"f":{},"b":{},"_coverageSchema":"1a1c01bbd47fc00a2c39e90264f33305004495a9","hash":"87324c5ac522a5353e7d42af17b8fe447209682a","contentHash":"95d72de1d161547deb0d94cdeebc844070e5a78ed4423140e19f1091c1625014"},"/Users/kratos/Projects/OPENSOURCE/CountriesNow/swagger/schemas/lt.js":{"path":"/Users/kratos/Projects/OPENSOURCE/CountriesNow/swagger/schemas/lt.js","statementMap":{"0":{"start":{"line":1,"column":0},"end":{"line":5,"column":2}}},"fnMap":{},"branchMap":{},"s":{"0":1},"f":{},"b":{},"_coverageSchema":"1a1c01bbd47fc00a2c39e90264f33305004495a9","hash":"db9e619ab43bd073b88736d1760dac8a7a1e30ea","contentHash":"7fcbf6e9b50198b9637e46e90f3bcf52e50b8aaf8509858f9b7ba0af2e802e5e"},"/Users/kratos/Projects/OPENSOURCE/CountriesNow/swagger/schemas/gt.js":{"path":"/Users/kratos/Projects/OPENSOURCE/CountriesNow/swagger/schemas/gt.js","statementMap":{"0":{"start":{"line":1,"column":0},"end":{"line":5,"column":2}}},"fnMap":{},"branchMap":{},"s":{"0":1},"f":{},"b":{},"_coverageSchema":"1a1c01bbd47fc00a2c39e90264f33305004495a9","hash":"44de3ede798965c08c5d5194f0e0f1a38480b991","contentHash":"947ac3c3e2b4dc7d3da14da547aaa70da0ba8a9c8c08b68e51a1ad705ccd9f05"},"/Users/kratos/Projects/OPENSOURCE/CountriesNow/swagger/schemas/year.js":{"path":"/Users/kratos/Projects/OPENSOURCE/CountriesNow/swagger/schemas/year.js","statementMap":{"0":{"start":{"line":1,"column":0},"end":{"line":5,"column":2}}},"fnMap":{},"branchMap":{},"s":{"0":1},"f":{},"b":{},"_coverageSchema":"1a1c01bbd47fc00a2c39e90264f33305004495a9","hash":"bd7a1a738cc1f5bb2d830fb0bc0d3d4f668411ca","contentHash":"3340485c69e81b80d59ad373fe29094f98fb533aa5649924c4bfeee5a7ffa045"},"/Users/kratos/Projects/OPENSOURCE/CountriesNow/swagger/schemas/limit.js":{"path":"/Users/kratos/Projects/OPENSOURCE/CountriesNow/swagger/schemas/limit.js","statementMap":{"0":{"start":{"line":1,"column":0},"end":{"line":5,"column":2}}},"fnMap":{},"branchMap":{},"s":{"0":1},"f":{},"b":{},"_coverageSchema":"1a1c01bbd47fc00a2c39e90264f33305004495a9","hash":"b2384766a47871264c45958c9f0837236d279019","contentHash":"065a4151affd778ac85791eaf7cb97e05b7e0c2d4d7a61a23193593b406882eb"},"/Users/kratos/Projects/OPENSOURCE/CountriesNow/swagger/schemas/order.js":{"path":"/Users/kratos/Projects/OPENSOURCE/CountriesNow/swagger/schemas/order.js","statementMap":{"0":{"start":{"line":1,"column":0},"end":{"line":5,"column":2}}},"fnMap":{},"branchMap":{},"s":{"0":1},"f":{},"b":{},"_coverageSchema":"1a1c01bbd47fc00a2c39e90264f33305004495a9","hash":"988d03e820565b35f97327ecd5594b0fc6b3de20","contentHash":"edb385aa03369525d67fd9c3548dcf649c91a6601162402f9c12d8d6a6c943c6"},"/Users/kratos/Projects/OPENSOURCE/CountriesNow/swagger/schemas/orderBy.js":{"path":"/Users/kratos/Projects/OPENSOURCE/CountriesNow/swagger/schemas/orderBy.js","statementMap":{"0":{"start":{"line":1,"column":0},"end":{"line":5,"column":2}}},"fnMap":{},"branchMap":{},"s":{"0":1},"f":{},"b":{},"_coverageSchema":"1a1c01bbd47fc00a2c39e90264f33305004495a9","hash":"3a2a25fb7483192fa12e83fcd89b087ab10f9ea5","contentHash":"73e205e5b1d94c187a300f03c0bf487f930d45876065663bf4b4130d01fccc4c"},"/Users/kratos/Projects/OPENSOURCE/CountriesNow/swagger/schemas/cityName.js":{"path":"/Users/kratos/Projects/OPENSOURCE/CountriesNow/swagger/schemas/cityName.js","statementMap":{"0":{"start":{"line":1,"column":0},"end":{"line":5,"column":2}}},"fnMap":{},"branchMap":{},"s":{"0":1},"f":{},"b":{},"_coverageSchema":"1a1c01bbd47fc00a2c39e90264f33305004495a9","hash":"790bf92ee4c83b403c4c850a8edb92c21212c616","contentHash":"9b1ba4dde64bdd49056ad6d1b7ffb3a078745e534b32f36462f3297e29f715d7"},"/Users/kratos/Projects/OPENSOURCE/CountriesNow/swagger/schemas/countryName.js":{"path":"/Users/kratos/Projects/OPENSOURCE/CountriesNow/swagger/schemas/countryName.js","statementMap":{"0":{"start":{"line":1,"column":0},"end":{"line":5,"column":2}}},"fnMap":{},"branchMap":{},"s":{"0":1},"f":{},"b":{},"_coverageSchema":"1a1c01bbd47fc00a2c39e90264f33305004495a9","hash":"398ee32a865cef25684c40a663ccb06bae7e1bac","contentHash":"e9d94125b582a18c5c57d7641937e122bbbab64522d7948d706bfd3c4dc92eb2"},"/Users/kratos/Projects/OPENSOURCE/CountriesNow/swagger/schemas/countryCities.js":{"path":"/Users/kratos/Projects/OPENSOURCE/CountriesNow/swagger/schemas/countryCities.js","statementMap":{"0":{"start":{"line":1,"column":0},"end":{"line":16,"column":2}}},"fnMap":{},"branchMap":{},"s":{"0":1},"f":{},"b":{},"_coverageSchema":"1a1c01bbd47fc00a2c39e90264f33305004495a9","hash":"74e12abc0941153e5c4254b378dc9d15408dd659","contentHash":"d9c5d8b30ceb765488bf5f5fa09d86d244c02f661061cb2546cef112cf852710"},"/Users/kratos/Projects/OPENSOURCE/CountriesNow/swagger/schemas/countryPayload.js":{"path":"/Users/kratos/Projects/OPENSOURCE/CountriesNow/swagger/schemas/countryPayload.js","statementMap":{"0":{"start":{"line":1,"column":0},"end":{"line":12,"column":2}}},"fnMap":{},"branchMap":{},"s":{"0":1},"f":{},"b":{},"_coverageSchema":"1a1c01bbd47fc00a2c39e90264f33305004495a9","hash":"f61502e3fd5660210a81d9f470313c530d38cc6f","contentHash":"8597a690ab21c3b395959aabf8690867dc81076b0e79d59d875d0c1bf0ee930c"},"/Users/kratos/Projects/OPENSOURCE/CountriesNow/swagger/schemas/returns.js":{"path":"/Users/kratos/Projects/OPENSOURCE/CountriesNow/swagger/schemas/returns.js","statementMap":{"0":{"start":{"line":1,"column":0},"end":{"line":5,"column":2}}},"fnMap":{},"branchMap":{},"s":{"0":1},"f":{},"b":{},"_coverageSchema":"1a1c01bbd47fc00a2c39e90264f33305004495a9","hash":"2c03fc34e6058f64930e4a3dd68e30c93837bc23","contentHash":"7dd67946e03fdf13f058cfe325fd068df954aa064aa9056d1d30f9e50100a28f"},"/Users/kratos/Projects/OPENSOURCE/CountriesNow/swagger/schemas/positionRange.js":{"path":"/Users/kratos/Projects/OPENSOURCE/CountriesNow/swagger/schemas/positionRange.js","statementMap":{"0":{"start":{"line":1,"column":0},"end":{"line":26,"column":2}}},"fnMap":{},"branchMap":{},"s":{"0":1},"f":{},"b":{},"_coverageSchema":"1a1c01bbd47fc00a2c39e90264f33305004495a9","hash":"d02d9c14c33f455bd6c6e526a6b7fea675a7d9a1","contentHash":"d3d4b3280e6b7c18eda36f509ec1b01518b1f876bd3c0521c6f127f3e822ebde"},"/Users/kratos/Projects/OPENSOURCE/CountriesNow/swagger/schemas/cityPayload.js":{"path":"/Users/kratos/Projects/OPENSOURCE/CountriesNow/swagger/schemas/cityPayload.js","statementMap":{"0":{"start":{"line":1,"column":0},"end":{"line":12,"column":2}}},"fnMap":{},"branchMap":{},"s":{"0":1},"f":{},"b":{},"_coverageSchema":"1a1c01bbd47fc00a2c39e90264f33305004495a9","hash":"1cc5dce59de6487ef8b6d0f5867823cd9ba1dea9","contentHash":"e2cc889319c44f264b43f9972cfda58355921ca35d074f137dbdd53889cd3514"},"/Users/kratos/Projects/OPENSOURCE/CountriesNow/swagger/schemas/countryPopulationFilterPayload.js":{"path":"/Users/kratos/Projects/OPENSOURCE/CountriesNow/swagger/schemas/countryPopulationFilterPayload.js","statementMap":{"0":{"start":{"line":1,"column":0},"end":{"line":32,"column":2}}},"fnMap":{},"branchMap":{},"s":{"0":1},"f":{},"b":{},"_coverageSchema":"1a1c01bbd47fc00a2c39e90264f33305004495a9","hash":"ea9b3e566a1f0afcb6e57a517557217f9335e25b","contentHash":"6753ccb8f5ad868042a545fa89093413689ec72572c57286fc2c3e35219f0027"},"/Users/kratos/Projects/OPENSOURCE/CountriesNow/swagger/schemas/cityPopulationFilterPayload.js":{"path":"/Users/kratos/Projects/OPENSOURCE/CountriesNow/swagger/schemas/cityPopulationFilterPayload.js","statementMap":{"0":{"start":{"line":1,"column":0},"end":{"line":24,"column":2}}},"fnMap":{},"branchMap":{},"s":{"0":1},"f":{},"b":{},"_coverageSchema":"1a1c01bbd47fc00a2c39e90264f33305004495a9","hash":"a189b1ea2017c0f41e77e68e9626fa618ac0c2ca","contentHash":"9bd4db368b67d7e06fe9825a4e17e5d59fc27c261cd8a5c8bb8ced8e625e6e40"},"/Users/kratos/Projects/OPENSOURCE/CountriesNow/swagger/schemas/countryStatePayload.js":{"path":"/Users/kratos/Projects/OPENSOURCE/CountriesNow/swagger/schemas/countryStatePayload.js","statementMap":{"0":{"start":{"line":1,"column":0},"end":{"line":16,"column":2}}},"fnMap":{},"branchMap":{},"s":{"0":1},"f":{},"b":{},"_coverageSchema":"1a1c01bbd47fc00a2c39e90264f33305004495a9","hash":"056517742b945b1c872fccdcb5e15b9dc119fa90","contentHash":"6781b2b4b5ab6cff2ed41755a0e012daff59e0a2e32c959e0cc9851aaaacc9b9"},"/Users/kratos/Projects/OPENSOURCE/CountriesNow/swagger/schemas/stateName.js":{"path":"/Users/kratos/Projects/OPENSOURCE/CountriesNow/swagger/schemas/stateName.js","statementMap":{"0":{"start":{"line":1,"column":0},"end":{"line":5,"column":2}}},"fnMap":{},"branchMap":{},"s":{"0":1},"f":{},"b":{},"_coverageSchema":"1a1c01bbd47fc00a2c39e90264f33305004495a9","hash":"7bd443585fad0b0ced10c19badf8274393d51920","contentHash":"9f799485644c6d70e7b4f58de72f88bf3d02a72f313b3ed478cad2a3c973f3fe"},"/Users/kratos/Projects/OPENSOURCE/CountriesNow/swagger/paths/cities/index.js":{"path":"/Users/kratos/Projects/OPENSOURCE/CountriesNow/swagger/paths/cities/index.js","statementMap":{"0":{"start":{"line":1,"column":16},"end":{"line":31,"column":1}},"1":{"start":{"line":33,"column":0},"end":{"line":33,"column":25}}},"fnMap":{},"branchMap":{},"s":{"0":1,"1":1},"f":{},"b":{},"_coverageSchema":"1a1c01bbd47fc00a2c39e90264f33305004495a9","hash":"64c0fb1c3c548b1dfd5100492cea900281764d4f","contentHash":"b065ba7aa5686637e90030a3152b46bf97ac5ccc481fb35d9e2126b0c4160719"},"/Users/kratos/Projects/OPENSOURCE/CountriesNow/swagger/paths/codes/index.js":{"path":"/Users/kratos/Projects/OPENSOURCE/CountriesNow/swagger/paths/codes/index.js","statementMap":{"0":{"start":{"line":1,"column":16},"end":{"line":94,"column":1}},"1":{"start":{"line":96,"column":0},"end":{"line":96,"column":25}}},"fnMap":{},"branchMap":{},"s":{"0":1,"1":1},"f":{},"b":{},"_coverageSchema":"1a1c01bbd47fc00a2c39e90264f33305004495a9","hash":"bea1b3cddfaa0804c75d723f9de3ff74c7f2ad0f","contentHash":"612317381828797fc7b0efa1dbfbb82d13cf5d08a35de55b9b8e90fc006f071c"},"/Users/kratos/Projects/OPENSOURCE/CountriesNow/swagger/paths/filter/index.js":{"path":"/Users/kratos/Projects/OPENSOURCE/CountriesNow/swagger/paths/filter/index.js","statementMap":{"0":{"start":{"line":1,"column":16},"end":{"line":21,"column":1}},"1":{"start":{"line":23,"column":0},"end":{"line":23,"column":25}}},"fnMap":{},"branchMap":{},"s":{"0":1,"1":1},"f":{},"b":{},"_coverageSchema":"1a1c01bbd47fc00a2c39e90264f33305004495a9","hash":"76f4718761eeaf730b6486e7cfc77d13d89f9ce6","contentHash":"06a65987745f14ab1aabbdf2b243a1a06d50024dddc4fd5a2ff3da28c1a1fbe8"},"/Users/kratos/Projects/OPENSOURCE/CountriesNow/swagger/paths/capital/index.js":{"path":"/Users/kratos/Projects/OPENSOURCE/CountriesNow/swagger/paths/capital/index.js","statementMap":{"0":{"start":{"line":1,"column":16},"end":{"line":31,"column":1}},"1":{"start":{"line":33,"column":0},"end":{"line":33,"column":25}}},"fnMap":{},"branchMap":{},"s":{"0":1,"1":1},"f":{},"b":{},"_coverageSchema":"1a1c01bbd47fc00a2c39e90264f33305004495a9","hash":"7a2d032afabdf187cff3c16dda8d2c3b86b81ce1","contentHash":"dad3c8e771b6684aa4b3a2ab4ee47c9fbd27ea341eb42c21971cf8638c81f600"},"/Users/kratos/Projects/OPENSOURCE/CountriesNow/swagger/paths/currency/index.js":{"path":"/Users/kratos/Projects/OPENSOURCE/CountriesNow/swagger/paths/currency/index.js","statementMap":{"0":{"start":{"line":1,"column":16},"end":{"line":37,"column":1}},"1":{"start":{"line":39,"column":0},"end":{"line":39,"column":25}}},"fnMap":{},"branchMap":{},"s":{"0":1,"1":1},"f":{},"b":{},"_coverageSchema":"1a1c01bbd47fc00a2c39e90264f33305004495a9","hash":"a3ef54f19eca3335e8d151a5b35246d9537db179","contentHash":"52171782904ad5b6bc7dbf330e7613b86251bfd5d50a68d295d3157ffb0a22d2"},"/Users/kratos/Projects/OPENSOURCE/CountriesNow/swagger/paths/flags/index.js":{"path":"/Users/kratos/Projects/OPENSOURCE/CountriesNow/swagger/paths/flags/index.js","statementMap":{"0":{"start":{"line":1,"column":16},"end":{"line":62,"column":1}},"1":{"start":{"line":64,"column":0},"end":{"line":64,"column":25}}},"fnMap":{},"branchMap":{},"s":{"0":1,"1":1},"f":{},"b":{},"_coverageSchema":"1a1c01bbd47fc00a2c39e90264f33305004495a9","hash":"2d860f72e674280e1a9517c4438672398883823a","contentHash":"92bfdca9fe093e898ccfd11c6bc158bd44260278d9c909dbf42aa6f9689ba56c"},"/Users/kratos/Projects/OPENSOURCE/CountriesNow/swagger/paths/location/index.js":{"path":"/Users/kratos/Projects/OPENSOURCE/CountriesNow/swagger/paths/location/index.js","statementMap":{"0":{"start":{"line":1,"column":16},"end":{"line":52,"column":1}},"1":{"start":{"line":54,"column":0},"end":{"line":54,"column":25}}},"fnMap":{},"branchMap":{},"s":{"0":1,"1":1},"f":{},"b":{},"_coverageSchema":"1a1c01bbd47fc00a2c39e90264f33305004495a9","hash":"c4999a8ee23c289f79b972450319b8989c965e0a","contentHash":"c404034c40dacf3d48564bc4c8e7c37031aa61ef0c5b4976bccf4450c3fa9d7e"},"/Users/kratos/Projects/OPENSOURCE/CountriesNow/swagger/paths/population/index.js":{"path":"/Users/kratos/Projects/OPENSOURCE/CountriesNow/swagger/paths/population/index.js","statementMap":{"0":{"start":{"line":1,"column":16},"end":{"line":102,"column":1}},"1":{"start":{"line":104,"column":0},"end":{"line":104,"column":25}}},"fnMap":{},"branchMap":{},"s":{"0":1,"1":1},"f":{},"b":{},"_coverageSchema":"1a1c01bbd47fc00a2c39e90264f33305004495a9","hash":"00414f71528c15fdc4ec41857ed0b3b34347568d","contentHash":"0fecd22f5a2d14095553c748f9924d29312791cb5e0241cff6bd5fe6af320dca"},"/Users/kratos/Projects/OPENSOURCE/CountriesNow/swagger/paths/states/index.js":{"path":"/Users/kratos/Projects/OPENSOURCE/CountriesNow/swagger/paths/states/index.js","statementMap":{"0":{"start":{"line":1,"column":16},"end":{"line":32,"column":1}},"1":{"start":{"line":34,"column":0},"end":{"line":34,"column":25}}},"fnMap":{},"branchMap":{},"s":{"0":1,"1":1},"f":{},"b":{},"_coverageSchema":"1a1c01bbd47fc00a2c39e90264f33305004495a9","hash":"786aaa20d02c6da0ba3a4c15c307f984540ce64c","contentHash":"ccf23bd16c501c19c149c5a847053ea6ee9c8d7f8acdfd13b9896476589159ce"},"/Users/kratos/Projects/OPENSOURCE/CountriesNow/swagger/paths/countriesStateCity/index.js":{"path":"/Users/kratos/Projects/OPENSOURCE/CountriesNow/swagger/paths/countriesStateCity/index.js","statementMap":{"0":{"start":{"line":1,"column":16},"end":{"line":22,"column":1}},"1":{"start":{"line":24,"column":0},"end":{"line":24,"column":25}}},"fnMap":{},"branchMap":{},"s":{"0":1,"1":1},"f":{},"b":{},"_coverageSchema":"1a1c01bbd47fc00a2c39e90264f33305004495a9","hash":"2c5e1657051c2c9916bed7a58f6998e63c0d162b","contentHash":"f6e7d27acb2845fbd049a352e0e67174dfcfca380aa839f74d06fd9fa9a33a60"},"/Users/kratos/Projects/OPENSOURCE/CountriesNow/swagger/paths/random/index.js":{"path":"/Users/kratos/Projects/OPENSOURCE/CountriesNow/swagger/paths/random/index.js","statementMap":{"0":{"start":{"line":1,"column":16},"end":{"line":11,"column":1}},"1":{"start":{"line":12,"column":0},"end":{"line":12,"column":25}}},"fnMap":{},"branchMap":{},"s":{"0":1,"1":1},"f":{},"b":{},"_coverageSchema":"1a1c01bbd47fc00a2c39e90264f33305004495a9","hash":"d3d72a2f2d5e48809e36331c2a229b484d9b8d6b","contentHash":"86c686dcbb725f9295d209037c12dfe4ddc423189affb5b065459295c50c5df8"}}