TN:
SF:app.js
FN:45,(anonymous_0)
FN:58,(anonymous_1)
FN:73,(anonymous_2)
FN:86,(anonymous_3)
FNF:4
FNH:2
FNDA:42,(anonymous_0)
FNDA:0,(anonymous_1)
FNDA:0,(anonymous_2)
FNDA:1,(anonymous_3)
DA:4,1
DA:6,1
DA:7,1
DA:8,1
DA:9,1
DA:10,1
DA:11,1
DA:12,1
DA:14,1
DA:15,1
DA:17,1
DA:19,1
DA:21,1
DA:24,1
DA:25,1
DA:27,1
DA:28,1
DA:29,1
DA:30,1
DA:31,1
DA:33,1
DA:34,1
DA:45,1
DA:46,42
DA:47,42
DA:48,42
DA:50,0
DA:51,0
DA:53,42
DA:54,42
DA:58,1
DA:60,0
DA:61,0
DA:64,0
DA:65,0
DA:66,0
DA:69,1
DA:70,1
DA:73,1
DA:80,1
DA:82,1
DA:86,1
DA:88,1
DA:91,1
LF:44
LH:37
BRDA:48,0,0,0
BRDA:48,0,1,42
BRDA:61,1,0,0
BRDA:61,1,1,0
BRDA:64,2,0,0
BRDA:64,2,1,0
BRDA:82,3,0,0
BRDA:82,3,1,1
BRDA:82,4,0,0
BRDA:82,4,1,0
BRDA:83,5,0,1
BRDA:83,5,1,0
BRF:12
BRH:3
end_of_record
TN:
SF:config/cors.js
FNF:0
FNH:0
DA:5,1
LF:1
LH:1
BRF:0
BRH:0
end_of_record
TN:
SF:controllers/countryController.js
FN:17,(anonymous_0)
FN:19,(anonymous_1)
FN:28,(anonymous_2)
FN:29,(anonymous_3)
FN:29,(anonymous_4)
FN:37,(anonymous_5)
FN:46,(anonymous_6)
FN:51,(anonymous_7)
FN:64,(anonymous_8)
FN:65,(anonymous_9)
FN:78,(anonymous_10)
FN:85,(anonymous_11)
FN:86,(anonymous_12)
FN:99,(anonymous_13)
FN:108,(anonymous_14)
FN:113,(anonymous_15)
FN:125,(anonymous_16)
FN:133,(anonymous_17)
FN:136,(anonymous_18)
FN:150,(anonymous_19)
FN:160,(anonymous_20)
FN:166,(anonymous_21)
FN:179,(anonymous_22)
FN:180,(anonymous_23)
FN:195,(anonymous_24)
FN:200,(anonymous_25)
FN:200,(anonymous_26)
FN:212,(anonymous_27)
FN:213,(anonymous_28)
FN:222,(anonymous_29)
FN:227,(anonymous_30)
FN:227,(anonymous_31)
FN:236,(anonymous_32)
FN:237,(anonymous_33)
FN:246,(anonymous_34)
FN:251,(anonymous_35)
FN:251,(anonymous_36)
FN:263,(anonymous_37)
FN:273,(anonymous_38)
FN:279,(anonymous_39)
FN:292,(anonymous_40)
FN:296,(anonymous_41)
FN:303,(anonymous_42)
FN:304,(anonymous_43)
FN:320,(anonymous_44)
FN:330,(anonymous_45)
FN:336,(anonymous_46)
FN:347,(anonymous_47)
FN:360,(anonymous_48)
FN:363,(anonymous_49)
FN:376,(anonymous_50)
FN:386,(anonymous_51)
FN:392,(anonymous_52)
FN:404,(anonymous_53)
FN:415,(anonymous_54)
FN:421,(anonymous_55)
FN:440,(anonymous_56)
FN:452,(anonymous_57)
FN:462,(anonymous_58)
FN:467,(anonymous_59)
FNF:60
FNH:54
FNDA:243,(anonymous_0)
FNDA:221,(anonymous_1)
FNDA:250,(anonymous_2)
FNDA:248,(anonymous_3)
FNDA:4872,(anonymous_4)
FNDA:1,(anonymous_5)
FNDA:2,(anonymous_6)
FNDA:136,(anonymous_7)
FNDA:1,(anonymous_8)
FNDA:243,(anonymous_9)
FNDA:2,(anonymous_10)
FNDA:243,(anonymous_11)
FNDA:160,(anonymous_12)
FNDA:1,(anonymous_13)
FNDA:2,(anonymous_14)
FNDA:160,(anonymous_15)
FNDA:4,(anonymous_16)
FNDA:0,(anonymous_17)
FNDA:243,(anonymous_18)
FNDA:1,(anonymous_19)
FNDA:2,(anonymous_20)
FNDA:147,(anonymous_21)
FNDA:1,(anonymous_22)
FNDA:221,(anonymous_23)
FNDA:2,(anonymous_24)
FNDA:221,(anonymous_25)
FNDA:147,(anonymous_26)
FNDA:1,(anonymous_27)
FNDA:250,(anonymous_28)
FNDA:2,(anonymous_29)
FNDA:250,(anonymous_30)
FNDA:140,(anonymous_31)
FNDA:1,(anonymous_32)
FNDA:250,(anonymous_33)
FNDA:2,(anonymous_34)
FNDA:250,(anonymous_35)
FNDA:140,(anonymous_36)
FNDA:1,(anonymous_37)
FNDA:2,(anonymous_38)
FNDA:140,(anonymous_39)
FNDA:0,(anonymous_40)
FNDA:0,(anonymous_41)
FNDA:0,(anonymous_42)
FNDA:0,(anonymous_43)
FNDA:1,(anonymous_44)
FNDA:3,(anonymous_45)
FNDA:454,(anonymous_46)
FNDA:1,(anonymous_47)
FNDA:263,(anonymous_48)
FNDA:10682,(anonymous_49)
FNDA:1,(anonymous_50)
FNDA:3,(anonymous_51)
FNDA:7515,(anonymous_52)
FNDA:1,(anonymous_53)
FNDA:4503,(anonymous_54)
FNDA:4503,(anonymous_55)
FNDA:0,(anonymous_56)
FNDA:1,(anonymous_57)
FNDA:3,(anonymous_58)
FNDA:410,(anonymous_59)
DA:2,1
DA:3,1
DA:4,1
DA:5,1
DA:6,1
DA:7,1
DA:8,1
DA:9,1
DA:10,1
DA:13,1
DA:15,1
DA:16,1
DA:17,243
DA:19,1
DA:20,221
DA:21,221
DA:26,221
DA:28,250
DA:29,4872
DA:38,1
DA:47,2
DA:48,2
DA:49,1
DA:51,136
DA:53,1
DA:54,0
DA:56,1
DA:65,243
DA:66,1
DA:79,2
DA:80,2
DA:81,1
DA:84,1
DA:85,243
DA:86,160
DA:88,1
DA:89,1
DA:91,0
DA:100,1
DA:109,2
DA:110,2
DA:111,1
DA:113,160
DA:114,1
DA:115,0
DA:117,1
DA:126,4
DA:127,4
DA:128,3
DA:130,1
DA:131,1
DA:133,0
DA:134,0
DA:136,243
DA:137,1
DA:139,0
DA:140,0
DA:142,1
DA:151,1
DA:152,1
DA:161,2
DA:162,2
DA:163,1
DA:165,1
DA:166,147
DA:168,1
DA:169,0
DA:171,1
DA:180,1
DA:181,221
DA:185,221
DA:187,1
DA:196,2
DA:197,2
DA:198,1
DA:200,221
DA:201,1
DA:202,0
DA:204,1
DA:213,250
DA:214,1
DA:223,2
DA:224,2
DA:225,1
DA:227,250
DA:228,1
DA:237,250
DA:238,1
DA:247,2
DA:248,2
DA:249,1
DA:251,250
DA:252,1
DA:253,0
DA:255,1
DA:264,1
DA:265,1
DA:274,2
DA:275,2
DA:276,1
DA:278,1
DA:279,140
DA:281,1
DA:282,0
DA:284,1
DA:293,0
DA:295,0
DA:296,0
DA:299,0
DA:300,0
DA:301,0
DA:303,0
DA:304,0
DA:305,0
DA:312,0
DA:321,1
DA:322,1
DA:331,3
DA:332,3
DA:333,1
DA:335,2
DA:336,454
DA:337,2
DA:338,1
DA:348,1
DA:356,1
DA:358,1
DA:360,263
DA:363,10682
DA:365,1
DA:366,1
DA:368,1
DA:377,1
DA:378,1
DA:387,3
DA:388,3
DA:389,1
DA:391,2
DA:392,7515
DA:393,2
DA:394,1
DA:396,1
DA:405,1
DA:411,1
DA:413,1
DA:415,4503
DA:420,1
DA:421,4503
DA:424,1
DA:426,1
DA:428,1
DA:441,0
DA:443,0
DA:444,0
DA:453,1
DA:454,1
DA:463,3
DA:464,3
DA:465,1
DA:467,410
DA:468,2
DA:469,1
DA:471,1
DA:475,1
LF:164
LH:140
BRDA:23,0,0,211
BRDA:23,0,1,10
BRDA:24,1,0,211
BRDA:24,1,1,10
BRDA:48,2,0,1
BRDA:48,2,1,1
BRDA:53,3,0,0
BRDA:53,3,1,1
BRDA:80,4,0,1
BRDA:80,4,1,1
BRDA:88,5,0,1
BRDA:88,5,1,0
BRDA:110,6,0,1
BRDA:110,6,1,1
BRDA:114,7,0,0
BRDA:114,7,1,1
BRDA:127,8,0,3
BRDA:127,8,1,1
BRDA:127,9,0,4
BRDA:127,9,1,3
BRDA:127,9,2,2
BRDA:131,10,0,0
BRDA:131,10,1,1
BRDA:131,10,2,0
BRDA:133,11,0,0
BRDA:133,11,1,0
BRDA:136,12,0,243
BRDA:136,12,1,156
BRDA:162,13,0,1
BRDA:162,13,1,1
BRDA:168,14,0,0
BRDA:168,14,1,1
BRDA:197,15,0,1
BRDA:197,15,1,1
BRDA:201,16,0,0
BRDA:201,16,1,1
BRDA:224,17,0,1
BRDA:224,17,1,1
BRDA:248,18,0,1
BRDA:248,18,1,1
BRDA:252,19,0,0
BRDA:252,19,1,1
BRDA:275,20,0,1
BRDA:275,20,1,1
BRDA:281,21,0,0
BRDA:281,21,1,1
BRDA:293,22,0,0
BRDA:295,23,0,0
BRDA:295,23,1,0
BRDA:304,24,0,0
BRDA:304,24,1,0
BRDA:307,25,0,0
BRDA:307,25,1,0
BRDA:307,25,2,0
BRDA:308,26,0,0
BRDA:308,26,1,0
BRDA:308,26,2,0
BRDA:309,27,0,0
BRDA:309,27,1,0
BRDA:309,27,2,0
BRDA:332,28,0,1
BRDA:332,28,1,2
BRDA:337,29,0,1
BRDA:337,29,1,1
BRDA:350,30,0,0
BRDA:351,31,0,0
BRDA:352,32,0,0
BRDA:353,33,0,0
BRDA:354,34,0,0
BRDA:355,35,0,0
BRDA:358,36,0,0
BRDA:358,36,1,1
BRDA:365,37,0,0
BRDA:365,37,1,1
BRDA:365,38,0,1
BRDA:365,38,1,1
BRDA:365,39,0,0
BRDA:365,39,1,1
BRDA:365,40,0,1
BRDA:365,40,1,1
BRDA:365,41,0,1
BRDA:365,41,1,0
BRDA:365,42,0,1
BRDA:365,42,1,1
BRDA:388,43,0,1
BRDA:388,43,1,2
BRDA:393,44,0,1
BRDA:393,44,1,1
BRDA:407,45,0,0
BRDA:408,46,0,0
BRDA:409,47,0,0
BRDA:410,48,0,0
BRDA:413,49,0,0
BRDA:413,49,1,1
BRDA:420,50,0,1
BRDA:420,50,1,0
BRDA:424,51,0,0
BRDA:424,51,1,1
BRDA:464,52,0,1
BRDA:464,52,1,2
BRDA:468,53,0,1
BRDA:468,53,1,1
BRF:102
BRH:60
end_of_record
TN:
SF:controllers/dataHub/index.js
FN:10,(anonymous_0)
FN:14,(anonymous_1)
FN:16,(anonymous_2)
FN:21,(anonymous_3)
FN:21,(anonymous_4)
FN:28,(anonymous_5)
FN:32,(anonymous_6)
FN:34,(anonymous_7)
FN:39,(anonymous_8)
FN:42,(anonymous_9)
FNF:10
FNH:10
FNDA:1,(anonymous_0)
FNDA:1,(anonymous_1)
FNDA:15409,(anonymous_2)
FNDA:263,(anonymous_3)
FNDA:15409,(anonymous_4)
FNDA:1,(anonymous_5)
FNDA:1,(anonymous_6)
FNDA:17223,(anonymous_7)
FNDA:4503,(anonymous_8)
FNDA:17223,(anonymous_9)
DA:3,1
DA:5,1
DA:10,1
DA:11,1
DA:12,1
DA:14,1
DA:16,1
DA:17,15409
DA:18,15409
DA:19,15409
DA:21,15409
DA:22,1
DA:28,1
DA:29,1
DA:30,1
DA:32,1
DA:34,1
DA:35,17223
DA:36,17223
DA:37,17223
DA:39,4503
DA:42,17223
DA:46,1
DA:50,1
LF:24
LH:24
BRDA:18,0,0,263
BRDA:18,0,1,15146
BRDA:36,1,0,4503
BRDA:36,1,1,12720
BRF:4
BRH:4
end_of_record
TN:
SF:controllers/github/index.js
FN:5,(anonymous_0)
FN:9,(anonymous_1)
FN:14,(anonymous_2)
FNF:3
FNH:0
FNDA:0,(anonymous_0)
FNDA:0,(anonymous_1)
FNDA:0,(anonymous_2)
DA:1,1
DA:3,1
DA:5,1
DA:6,0
DA:7,0
DA:9,0
DA:11,0
DA:12,0
DA:16,0
DA:20,1
LF:10
LH:4
BRF:0
BRH:0
end_of_record
TN:
SF:helpers/finder.js
FN:9,(anonymous_0)
FN:10,(anonymous_1)
FNF:2
FNH:2
FNDA:221,(anonymous_0)
FNDA:28758,(anonymous_1)
DA:10,28758
DA:14,1
LF:2
LH:2
BRF:0
BRH:0
end_of_record
TN:
SF:helpers/respond.js
FN:8,(anonymous_0)
FN:21,(anonymous_1)
FNF:2
FNH:2
FNDA:17,(anonymous_0)
FNDA:25,(anonymous_1)
DA:9,17
DA:22,25
DA:30,1
LF:3
LH:3
BRDA:8,0,0,0
BRDA:8,1,0,0
BRDA:21,2,0,0
BRF:3
BRH:0
end_of_record
TN:
SF:helpers/utils.js
FN:6,(anonymous_0)
FN:13,(anonymous_1)
FN:15,(anonymous_2)
FN:27,(anonymous_3)
FN:29,(anonymous_4)
FN:37,(anonymous_5)
FN:39,(anonymous_6)
FN:51,(anonymous_7)
FN:53,(anonymous_8)
FN:60,(anonymous_9)
FN:60,(anonymous_10)
FN:66,(anonymous_11)
FN:66,(anonymous_12)
FN:73,(anonymous_13)
FN:73,(anonymous_14)
FNF:15
FNH:6
FNDA:0,(anonymous_0)
FNDA:1,(anonymous_1)
FNDA:459,(anonymous_2)
FNDA:0,(anonymous_3)
FNDA:0,(anonymous_4)
FNDA:1,(anonymous_5)
FNDA:35582,(anonymous_6)
FNDA:0,(anonymous_7)
FNDA:0,(anonymous_8)
FNDA:0,(anonymous_9)
FNDA:0,(anonymous_10)
FNDA:0,(anonymous_11)
FNDA:0,(anonymous_12)
FNDA:1,(anonymous_13)
FNDA:263,(anonymous_14)
DA:6,1
DA:13,1
DA:14,1
DA:15,1
DA:16,459
DA:17,459
DA:19,459
DA:26,0
DA:27,0
DA:29,0
DA:37,1
DA:38,1
DA:39,1
DA:40,35582
DA:41,35582
DA:43,35582
DA:50,0
DA:51,0
DA:53,0
DA:60,1
DA:66,1
DA:73,263
DA:75,1
LF:23
LH:17
BRDA:13,0,0,0
BRDA:13,1,0,0
BRDA:14,2,0,1
BRDA:14,2,1,0
BRDA:19,3,0,0
BRDA:19,3,1,459
BRDA:19,4,0,459
BRDA:19,4,1,70
BRDA:20,5,0,0
BRDA:20,5,1,459
BRDA:20,6,0,459
BRDA:20,6,1,389
BRDA:21,7,0,70
BRDA:21,7,1,389
BRDA:21,8,0,459
BRDA:21,8,1,70
BRDA:22,9,0,389
BRDA:22,9,1,0
BRDA:22,10,0,389
BRDA:22,10,1,389
BRDA:26,11,0,0
BRDA:26,11,1,0
BRDA:37,12,0,0
BRDA:37,13,0,0
BRDA:38,14,0,1
BRDA:38,14,1,0
BRDA:43,15,0,17757
BRDA:43,15,1,17825
BRDA:43,16,0,35582
BRDA:43,16,1,17757
BRDA:44,17,0,17815
BRDA:44,17,1,10
BRDA:44,18,0,17825
BRDA:44,18,1,17815
BRDA:45,19,0,0
BRDA:45,19,1,10
BRDA:45,20,0,10
BRDA:45,20,1,0
BRDA:46,21,0,0
BRDA:46,21,1,10
BRDA:46,22,0,10
BRDA:46,22,1,0
BRDA:50,23,0,0
BRDA:50,23,1,0
BRDA:73,24,0,263
BRDA:73,24,1,139
BRF:46
BRH:29
end_of_record
TN:
SF:model/countriesAndCities.js
FNF:0
FNH:0
DA:1,1
DA:84671,1
LF:2
LH:2
BRF:0
BRH:0
end_of_record
TN:
SF:model/countriesAndCodes.js
FNF:0
FNH:0
DA:1,1
DA:730,1
LF:2
LH:2
BRF:0
BRH:0
end_of_record
TN:
SF:model/countriesAndFlag.js
FNF:0
FNH:0
DA:1,1
DA:1109,1
LF:2
LH:2
BRF:0
BRH:0
end_of_record
TN:
SF:model/countriesAndState.js
FNF:0
FNH:0
DA:3,1
DA:26793,1
LF:2
LH:2
BRF:0
BRH:0
end_of_record
TN:
SF:model/countriesAndUnicodes.js
FNF:0
FNH:0
DA:1,1
DA:519,1
LF:2
LH:2
BRF:0
BRH:0
end_of_record
TN:
SF:routes/countries.js
FNF:0
FNH:0
DA:1,1
DA:3,1
DA:4,1
DA:6,1
DA:7,1
DA:8,1
DA:9,1
DA:10,1
DA:11,1
DA:12,1
DA:13,1
DA:14,1
DA:15,1
DA:16,1
DA:17,1
DA:18,1
DA:19,1
DA:20,1
DA:22,1
DA:23,1
DA:24,1
DA:26,1
DA:27,1
DA:28,1
DA:29,1
DA:30,1
DA:31,1
DA:32,1
DA:33,1
DA:35,1
LF:30
LH:30
BRF:0
BRH:0
end_of_record
TN:
SF:routes/index.js
FN:6,(anonymous_0)
FNF:1
FNH:0
FNDA:0,(anonymous_0)
DA:1,1
DA:3,1
DA:6,1
DA:7,0
DA:10,1
LF:5
LH:4
BRF:0
BRH:0
end_of_record
TN:
SF:services/apiService.js
FN:10,(anonymous_0)
FN:22,(anonymous_1)
FNF:2
FNH:2
FNDA:2,(anonymous_0)
FNDA:2,(anonymous_1)
DA:1,1
DA:11,2
DA:12,2
DA:23,2
DA:24,2
DA:28,1
LF:6
LH:6
BRF:0
BRH:0
end_of_record
TN:
SF:swagger/openApiDocumentation.js
FNF:0
FNH:0
DA:2,1
DA:3,1
DA:4,1
DA:6,1
DA:7,1
DA:8,1
DA:9,1
DA:10,1
DA:11,1
DA:12,1
DA:13,1
DA:14,1
DA:16,1
LF:13
LH:13
BRF:0
BRH:0
end_of_record
TN:
SF:swagger/info/index.js
FNF:0
FNH:0
DA:1,1
DA:7,1
DA:12,1
LF:3
LH:3
BRF:0
BRH:0
end_of_record
TN:
SF:swagger/paths/capital/index.js
FNF:0
FNH:0
DA:1,1
DA:33,1
LF:2
LH:2
BRF:0
BRH:0
end_of_record
TN:
SF:swagger/paths/cities/index.js
FNF:0
FNH:0
DA:1,1
DA:33,1
LF:2
LH:2
BRF:0
BRH:0
end_of_record
TN:
SF:swagger/paths/codes/index.js
FNF:0
FNH:0
DA:1,1
DA:96,1
LF:2
LH:2
BRF:0
BRH:0
end_of_record
TN:
SF:swagger/paths/currency/index.js
FNF:0
FNH:0
DA:1,1
DA:39,1
LF:2
LH:2
BRF:0
BRH:0
end_of_record
TN:
SF:swagger/paths/filter/index.js
FNF:0
FNH:0
DA:1,1
DA:23,1
LF:2
LH:2
BRF:0
BRH:0
end_of_record
TN:
SF:swagger/paths/flags/index.js
FNF:0
FNH:0
DA:1,1
DA:64,1
LF:2
LH:2
BRF:0
BRH:0
end_of_record
TN:
SF:swagger/paths/location/index.js
FNF:0
FNH:0
DA:1,1
DA:54,1
LF:2
LH:2
BRF:0
BRH:0
end_of_record
TN:
SF:swagger/paths/population/index.js
FNF:0
FNH:0
DA:1,1
DA:104,1
LF:2
LH:2
BRF:0
BRH:0
end_of_record
TN:
SF:swagger/paths/states/index.js
FNF:0
FNH:0
DA:1,1
DA:34,1
LF:2
LH:2
BRF:0
BRH:0
end_of_record
TN:
SF:swagger/schemas/cityName.js
FNF:0
FNH:0
DA:1,1
LF:1
LH:1
BRF:0
BRH:0
end_of_record
TN:
SF:swagger/schemas/cityPayload.js
FNF:0
FNH:0
DA:1,1
LF:1
LH:1
BRF:0
BRH:0
end_of_record
TN:
SF:swagger/schemas/cityPopulationFilterPayload.js
FNF:0
FNH:0
DA:1,1
LF:1
LH:1
BRF:0
BRH:0
end_of_record
TN:
SF:swagger/schemas/countryCities.js
FNF:0
FNH:0
DA:1,1
LF:1
LH:1
BRF:0
BRH:0
end_of_record
TN:
SF:swagger/schemas/countryName.js
FNF:0
FNH:0
DA:1,1
LF:1
LH:1
BRF:0
BRH:0
end_of_record
TN:
SF:swagger/schemas/countryPayload.js
FNF:0
FNH:0
DA:1,1
LF:1
LH:1
BRF:0
BRH:0
end_of_record
TN:
SF:swagger/schemas/countryPopulationFilterPayload.js
FNF:0
FNH:0
DA:1,1
LF:1
LH:1
BRF:0
BRH:0
end_of_record
TN:
SF:swagger/schemas/gt.js
FNF:0
FNH:0
DA:1,1
LF:1
LH:1
BRF:0
BRH:0
end_of_record
TN:
SF:swagger/schemas/index.js
FNF:0
FNH:0
DA:6,1
DA:7,1
DA:8,1
DA:9,1
DA:10,1
DA:11,1
DA:12,1
DA:13,1
DA:14,1
DA:15,1
DA:16,1
DA:17,1
DA:18,1
DA:19,1
DA:20,1
DA:22,1
LF:16
LH:16
BRF:0
BRH:0
end_of_record
TN:
SF:swagger/schemas/limit.js
FNF:0
FNH:0
DA:1,1
LF:1
LH:1
BRF:0
BRH:0
end_of_record
TN:
SF:swagger/schemas/lt.js
FNF:0
FNH:0
DA:1,1
LF:1
LH:1
BRF:0
BRH:0
end_of_record
TN:
SF:swagger/schemas/order.js
FNF:0
FNH:0
DA:1,1
LF:1
LH:1
BRF:0
BRH:0
end_of_record
TN:
SF:swagger/schemas/orderBy.js
FNF:0
FNH:0
DA:1,1
LF:1
LH:1
BRF:0
BRH:0
end_of_record
TN:
SF:swagger/schemas/positionRange.js
FNF:0
FNH:0
DA:1,1
LF:1
LH:1
BRF:0
BRH:0
end_of_record
TN:
SF:swagger/schemas/returns.js
FNF:0
FNH:0
DA:1,1
LF:1
LH:1
BRF:0
BRH:0
end_of_record
TN:
SF:swagger/schemas/year.js
FNF:0
FNH:0
DA:1,1
LF:1
LH:1
BRF:0
BRH:0
end_of_record
TN:
SF:swagger/servers/index.js
FNF:0
FNH:0
DA:1,1
DA:10,1
DA:15,1
LF:3
LH:3
BRDA:6,0,0,1
BRDA:6,0,1,0
BRF:2
BRH:1
end_of_record
